<?xml version="1.0" encoding="UTF-8"?>
<robot generator="Robot 5.0.1 (Python 3.9.13 on win32)" generated="20230522 15:38:24.126" rpa="true" schemaversion="3">
<suite id="s1" name="Inhuman-Insurance-Inc-Ais-Robot - Project" source="c:\Users\huber\Documents\Robocorp Projects\inhuman-insurance-inc-ais-robot - project">
<suite id="s1-s1" name="Consumer" source="c:\Users\huber\Documents\Robocorp Projects\inhuman-insurance-inc-ais-robot - project\consumer.robot">
<test id="s1-s1-t1" name="Consume traffic data work items" line="10">
<kw name="For Each Input Work Item" library="RPA.Robocorp.WorkItems">
<arg>Process traffic data</arg>
<doc>Run a keyword or function for each work item in the input queue.</doc>
<kw name="Process traffic data">
<kw name="Get Work Item Payload" library="RPA.Robocorp.WorkItems">
<var>${payload}</var>
<doc>Get the full JSON payload for a work item.</doc>
<msg timestamp="20230522 15:38:26.271" level="INFO">${payload} = {'traffic_data': {'country': 'VCT', 'year': 2000, 'rate': 4.63878}}</msg>
<status status="PASS" starttime="20230522 15:38:26.270" endtime="20230522 15:38:26.275"/>
</kw>
<kw name="Set Variable" library="BuiltIn">
<var>${traffic_data}</var>
<arg>${payload}[${WORK_ITEM_NAME}]</arg>
<doc>Returns the given values which can then be assigned to a variables.</doc>
<msg timestamp="20230522 15:38:26.276" level="INFO">${traffic_data} = {'country': 'VCT', 'year': 2000, 'rate': 4.63878}</msg>
<status status="PASS" starttime="20230522 15:38:26.275" endtime="20230522 15:38:26.277"/>
</kw>
<kw name="Validate traffic data">
<var>${is_data_valid}</var>
<arg>${traffic_data}</arg>
<kw name="Get value from JSON" library="RPA.JSON">
<var>${country}</var>
<arg>${traffic_data}</arg>
<arg>$.country</arg>
<doc>Get a single value from a JSON serializable object that matches the given expression.</doc>
<msg timestamp="20230522 15:38:26.279" level="INFO">Get value from JSON with expression: '$.country'</msg>
<msg timestamp="20230522 15:38:26.350" level="INFO">${country} = VCT</msg>
<status status="PASS" starttime="20230522 15:38:26.278" endtime="20230522 15:38:26.350"/>
</kw>
<kw name="Evaluate" library="BuiltIn">
<var>${valid}</var>
<arg>len('${country}') == 3</arg>
<doc>Evaluates the given expression in Python and returns the result.</doc>
<msg timestamp="20230522 15:38:26.352" level="INFO">${valid} = True</msg>
<status status="PASS" starttime="20230522 15:38:26.351" endtime="20230522 15:38:26.352"/>
</kw>
<return>
<value>${valid}</value>
<status status="PASS" starttime="20230522 15:38:26.352" endtime="20230522 15:38:26.352"/>
</return>
<msg timestamp="20230522 15:38:26.352" level="INFO">${is_data_valid} = True</msg>
<status status="PASS" starttime="20230522 15:38:26.277" endtime="20230522 15:38:26.353"/>
</kw>
<if>
<branch type="IF" condition="${is_data_valid} == True">
<kw name="Pass traffic data into system">
<arg>${traffic_data}</arg>
<kw name="Run Keyword And Ignore Error" library="BuiltIn">
<var>${status}</var>
<var>${return}</var>
<arg>POST</arg>
<arg>https://robocorp.com/inhuman-insurance-inc/sales-system-api</arg>
<arg>${traffic_data}</arg>
<doc>Runs the given keyword with the given arguments and ignores possible error.</doc>
<kw name="POST" library="RPA.HTTP">
<arg>https://robocorp.com/inhuman-insurance-inc/sales-system-api</arg>
<arg>${traffic_data}</arg>
<doc>Sends a POST request.</doc>
<msg timestamp="20230522 15:38:26.860" level="FAIL">HTTPError: 500 Server Error: Internal Server Error for url: https://robocorp.com/inhuman-insurance-inc/sales-system-api</msg>
<status status="FAIL" starttime="20230522 15:38:26.355" endtime="20230522 15:38:26.862"/>
</kw>
<msg timestamp="20230522 15:38:26.863" level="INFO">${status} = FAIL</msg>
<msg timestamp="20230522 15:38:26.863" level="INFO">${return} = HTTPError: 500 Server Error: Internal Server Error for url: https://robocorp.com/inhuman-insurance-inc/sales-system-api</msg>
<status status="PASS" starttime="20230522 15:38:26.354" endtime="20230522 15:38:26.863"/>
</kw>
<kw name="Handle traffic API response">
<arg>${status}</arg>
<arg>${return}</arg>
<arg>${traffic_data}</arg>
<if>
<branch type="IF" condition="&quot;${status}&quot; == &quot;PASS&quot;">
<kw name="Handle traffic API OK response">
<status status="NOT RUN" starttime="20230522 15:38:26.865" endtime="20230522 15:38:26.865"/>
</kw>
<status status="NOT RUN" starttime="20230522 15:38:26.865" endtime="20230522 15:38:26.866"/>
</branch>
<branch type="ELSE">
<kw name="Handle traffic API error message">
<arg>${return}</arg>
<arg>${traffic_data}</arg>
<kw name="Log" library="BuiltIn">
<arg>Traffic data posting failed::${traffic_data} ${return}</arg>
<arg>Error</arg>
<doc>Logs the given message with the given level.</doc>
<msg timestamp="20230522 15:38:26.868" level="ERROR">Traffic data posting failed::{'country': 'VCT', 'year': 2000, 'rate': 4.63878} HTTPError: 500 Server Error: Internal Server Error for url: https://robocorp.com/inhuman-insurance-inc/sales-system-api</msg>
<status status="PASS" starttime="20230522 15:38:26.867" endtime="20230522 15:38:26.870"/>
</kw>
<kw name="Release Input Work Item" library="RPA.Robocorp.WorkItems">
<arg>state=FAILED</arg>
<arg>exception_type=APPLICATION</arg>
<arg>code=TRAFFIC_DATA_POST_FAILED</arg>
<arg>message=${return}</arg>
<doc>Release the lastly retrieved input work item and set its state.</doc>
<msg timestamp="20230522 15:38:26.872" level="ERROR">Releasing item '0' with FAILED state and exception: {'type': 'APPLICATION', 'code': 'TRAFFIC_DATA_POST_FAILED', 'message': 'HTTPError: 500 Server Error: Internal Server Error for url: https://robocorp.com/inhuman-insurance-inc/sales-system-api'}</msg>
<status status="PASS" starttime="20230522 15:38:26.870" endtime="20230522 15:38:26.874"/>
</kw>
<status status="PASS" starttime="20230522 15:38:26.866" endtime="20230522 15:38:26.875"/>
</kw>
<status status="PASS" starttime="20230522 15:38:26.866" endtime="20230522 15:38:26.875"/>
</branch>
<status status="PASS" starttime="20230522 15:38:26.865" endtime="20230522 15:38:26.876"/>
</if>
<status status="PASS" starttime="20230522 15:38:26.864" endtime="20230522 15:38:26.876"/>
</kw>
<status status="PASS" starttime="20230522 15:38:26.353" endtime="20230522 15:38:26.876"/>
</kw>
<status status="PASS" starttime="20230522 15:38:26.353" endtime="20230522 15:38:26.877"/>
</branch>
<branch type="ELSE">
<kw name="Handle invalid traffic data">
<arg>${traffic_data}</arg>
<status status="NOT RUN" starttime="20230522 15:38:26.877" endtime="20230522 15:38:26.877"/>
</kw>
<status status="NOT RUN" starttime="20230522 15:38:26.877" endtime="20230522 15:38:26.878"/>
</branch>
<status status="PASS" starttime="20230522 15:38:26.353" endtime="20230522 15:38:26.878"/>
</if>
<status status="PASS" starttime="20230522 15:38:26.269" endtime="20230522 15:38:26.878"/>
</kw>
<kw name="Process traffic data">
<kw name="Get Work Item Payload" library="RPA.Robocorp.WorkItems">
<var>${payload}</var>
<doc>Get the full JSON payload for a work item.</doc>
<msg timestamp="20230522 15:38:26.880" level="INFO">${payload} = {'traffic_data': {'country': 'SWError', 'year': 2019, 'rate': 3.13947}}</msg>
<status status="PASS" starttime="20230522 15:38:26.879" endtime="20230522 15:38:26.880"/>
</kw>
<kw name="Set Variable" library="BuiltIn">
<var>${traffic_data}</var>
<arg>${payload}[${WORK_ITEM_NAME}]</arg>
<doc>Returns the given values which can then be assigned to a variables.</doc>
<msg timestamp="20230522 15:38:26.881" level="INFO">${traffic_data} = {'country': 'SWError', 'year': 2019, 'rate': 3.13947}</msg>
<status status="PASS" starttime="20230522 15:38:26.880" endtime="20230522 15:38:26.881"/>
</kw>
<kw name="Validate traffic data">
<var>${is_data_valid}</var>
<arg>${traffic_data}</arg>
<kw name="Get value from JSON" library="RPA.JSON">
<var>${country}</var>
<arg>${traffic_data}</arg>
<arg>$.country</arg>
<doc>Get a single value from a JSON serializable object that matches the given expression.</doc>
<msg timestamp="20230522 15:38:26.883" level="INFO">Get value from JSON with expression: '$.country'</msg>
<msg timestamp="20230522 15:38:26.935" level="INFO">${country} = SWError</msg>
<status status="PASS" starttime="20230522 15:38:26.882" endtime="20230522 15:38:26.935"/>
</kw>
<kw name="Evaluate" library="BuiltIn">
<var>${valid}</var>
<arg>len('${country}') == 3</arg>
<doc>Evaluates the given expression in Python and returns the result.</doc>
<msg timestamp="20230522 15:38:26.937" level="INFO">${valid} = False</msg>
<status status="PASS" starttime="20230522 15:38:26.936" endtime="20230522 15:38:26.937"/>
</kw>
<return>
<value>${valid}</value>
<status status="PASS" starttime="20230522 15:38:26.938" endtime="20230522 15:38:26.938"/>
</return>
<msg timestamp="20230522 15:38:26.939" level="INFO">${is_data_valid} = False</msg>
<status status="PASS" starttime="20230522 15:38:26.881" endtime="20230522 15:38:26.939"/>
</kw>
<if>
<branch type="IF" condition="${is_data_valid} == True">
<kw name="Pass traffic data into system">
<arg>${traffic_data}</arg>
<status status="NOT RUN" starttime="20230522 15:38:26.940" endtime="20230522 15:38:26.940"/>
</kw>
<status status="NOT RUN" starttime="20230522 15:38:26.939" endtime="20230522 15:38:26.940"/>
</branch>
<branch type="ELSE">
<kw name="Handle invalid traffic data">
<arg>${traffic_data}</arg>
<kw name="Set Variable" library="BuiltIn">
<var>${message}</var>
<arg>Invalid traffic data ${traffic_data}</arg>
<doc>Returns the given values which can then be assigned to a variables.</doc>
<msg timestamp="20230522 15:38:26.942" level="INFO">${message} = Invalid traffic data {'country': 'SWError', 'year': 2019, 'rate': 3.13947}</msg>
<status status="PASS" starttime="20230522 15:38:26.942" endtime="20230522 15:38:26.942"/>
</kw>
<kw name="Log" library="BuiltIn">
<arg>${message}</arg>
<arg>WARN</arg>
<doc>Logs the given message with the given level.</doc>
<msg timestamp="20230522 15:38:26.943" level="WARN">Invalid traffic data {'country': 'SWError', 'year': 2019, 'rate': 3.13947}</msg>
<status status="PASS" starttime="20230522 15:38:26.943" endtime="20230522 15:38:26.944"/>
</kw>
<kw name="Release Input Work Item" library="RPA.Robocorp.WorkItems">
<arg>state=FAILED</arg>
<arg>exception_type=BUSINESS</arg>
<arg>code=INVALID_TRAFFIC_DATA</arg>
<arg>message=${message}</arg>
<doc>Release the lastly retrieved input work item and set its state.</doc>
<msg timestamp="20230522 15:38:26.947" level="ERROR">Releasing item '1' with FAILED state and exception: {'type': 'BUSINESS', 'code': 'INVALID_TRAFFIC_DATA', 'message': "Invalid traffic data {'country': 'SWError', 'year': 2019, 'rate': 3.13947}"}</msg>
<status status="PASS" starttime="20230522 15:38:26.945" endtime="20230522 15:38:26.949"/>
</kw>
<status status="PASS" starttime="20230522 15:38:26.941" endtime="20230522 15:38:26.950"/>
</kw>
<status status="PASS" starttime="20230522 15:38:26.940" endtime="20230522 15:38:26.951"/>
</branch>
<status status="PASS" starttime="20230522 15:38:26.939" endtime="20230522 15:38:26.951"/>
</if>
<status status="PASS" starttime="20230522 15:38:26.878" endtime="20230522 15:38:26.951"/>
</kw>
<kw name="Process traffic data">
<kw name="Get Work Item Payload" library="RPA.Robocorp.WorkItems">
<var>${payload}</var>
<doc>Get the full JSON payload for a work item.</doc>
<msg timestamp="20230522 15:38:26.954" level="INFO">${payload} = {'traffic_data': {'country': 'SWE', 'year': 2008, 'rate': 4.77472}}</msg>
<status status="PASS" starttime="20230522 15:38:26.953" endtime="20230522 15:38:26.954"/>
</kw>
<kw name="Set Variable" library="BuiltIn">
<var>${traffic_data}</var>
<arg>${payload}[${WORK_ITEM_NAME}]</arg>
<doc>Returns the given values which can then be assigned to a variables.</doc>
<msg timestamp="20230522 15:38:26.956" level="INFO">${traffic_data} = {'country': 'SWE', 'year': 2008, 'rate': 4.77472}</msg>
<status status="PASS" starttime="20230522 15:38:26.955" endtime="20230522 15:38:26.956"/>
</kw>
<kw name="Validate traffic data">
<var>${is_data_valid}</var>
<arg>${traffic_data}</arg>
<kw name="Get value from JSON" library="RPA.JSON">
<var>${country}</var>
<arg>${traffic_data}</arg>
<arg>$.country</arg>
<doc>Get a single value from a JSON serializable object that matches the given expression.</doc>
<msg timestamp="20230522 15:38:26.960" level="INFO">Get value from JSON with expression: '$.country'</msg>
<msg timestamp="20230522 15:38:27.035" level="INFO">${country} = SWE</msg>
<status status="PASS" starttime="20230522 15:38:26.958" endtime="20230522 15:38:27.035"/>
</kw>
<kw name="Evaluate" library="BuiltIn">
<var>${valid}</var>
<arg>len('${country}') == 3</arg>
<doc>Evaluates the given expression in Python and returns the result.</doc>
<msg timestamp="20230522 15:38:27.037" level="INFO">${valid} = True</msg>
<status status="PASS" starttime="20230522 15:38:27.036" endtime="20230522 15:38:27.037"/>
</kw>
<return>
<value>${valid}</value>
<status status="PASS" starttime="20230522 15:38:27.037" endtime="20230522 15:38:27.038"/>
</return>
<msg timestamp="20230522 15:38:27.038" level="INFO">${is_data_valid} = True</msg>
<status status="PASS" starttime="20230522 15:38:26.957" endtime="20230522 15:38:27.038"/>
</kw>
<if>
<branch type="IF" condition="${is_data_valid} == True">
<kw name="Pass traffic data into system">
<arg>${traffic_data}</arg>
<kw name="Run Keyword And Ignore Error" library="BuiltIn">
<var>${status}</var>
<var>${return}</var>
<arg>POST</arg>
<arg>https://robocorp.com/inhuman-insurance-inc/sales-system-api</arg>
<arg>${traffic_data}</arg>
<doc>Runs the given keyword with the given arguments and ignores possible error.</doc>
<kw name="POST" library="RPA.HTTP">
<arg>https://robocorp.com/inhuman-insurance-inc/sales-system-api</arg>
<arg>${traffic_data}</arg>
<doc>Sends a POST request.</doc>
<status status="PASS" starttime="20230522 15:38:27.040" endtime="20230522 15:38:27.468"/>
</kw>
<msg timestamp="20230522 15:38:27.469" level="INFO">${status} = PASS</msg>
<msg timestamp="20230522 15:38:27.469" level="INFO">${return} = &lt;Response [200]&gt;</msg>
<status status="PASS" starttime="20230522 15:38:27.039" endtime="20230522 15:38:27.469"/>
</kw>
<kw name="Handle traffic API response">
<arg>${status}</arg>
<arg>${return}</arg>
<arg>${traffic_data}</arg>
<if>
<branch type="IF" condition="&quot;${status}&quot; == &quot;PASS&quot;">
<kw name="Handle traffic API OK response">
<kw name="Release Input Work Item" library="RPA.Robocorp.WorkItems">
<arg>DONE</arg>
<doc>Release the lastly retrieved input work item and set its state.</doc>
<msg timestamp="20230522 15:38:27.472" level="INFO">Releasing item '2' with COMPLETED state and exception: None</msg>
<status status="PASS" starttime="20230522 15:38:27.472" endtime="20230522 15:38:27.472"/>
</kw>
<status status="PASS" starttime="20230522 15:38:27.471" endtime="20230522 15:38:27.473"/>
</kw>
<status status="PASS" starttime="20230522 15:38:27.471" endtime="20230522 15:38:27.473"/>
</branch>
<branch type="ELSE">
<kw name="Handle traffic API error message">
<arg>${return}</arg>
<arg>${traffic_data}</arg>
<status status="NOT RUN" starttime="20230522 15:38:27.473" endtime="20230522 15:38:27.474"/>
</kw>
<status status="NOT RUN" starttime="20230522 15:38:27.473" endtime="20230522 15:38:27.474"/>
</branch>
<status status="PASS" starttime="20230522 15:38:27.471" endtime="20230522 15:38:27.474"/>
</if>
<status status="PASS" starttime="20230522 15:38:27.469" endtime="20230522 15:38:27.474"/>
</kw>
<status status="PASS" starttime="20230522 15:38:27.039" endtime="20230522 15:38:27.474"/>
</kw>
<status status="PASS" starttime="20230522 15:38:27.038" endtime="20230522 15:38:27.475"/>
</branch>
<branch type="ELSE">
<kw name="Handle invalid traffic data">
<arg>${traffic_data}</arg>
<status status="NOT RUN" starttime="20230522 15:38:27.475" endtime="20230522 15:38:27.475"/>
</kw>
<status status="NOT RUN" starttime="20230522 15:38:27.475" endtime="20230522 15:38:27.475"/>
</branch>
<status status="PASS" starttime="20230522 15:38:27.038" endtime="20230522 15:38:27.476"/>
</if>
<status status="PASS" starttime="20230522 15:38:26.952" endtime="20230522 15:38:27.476"/>
</kw>
<kw name="Process traffic data">
<kw name="Get Work Item Payload" library="RPA.Robocorp.WorkItems">
<var>${payload}</var>
<doc>Get the full JSON payload for a work item.</doc>
<msg timestamp="20230522 15:38:27.478" level="INFO">${payload} = {'traffic_data': {'country': 'SVN', 'year': 2018, 'rate': 4.52394}}</msg>
<status status="PASS" starttime="20230522 15:38:27.477" endtime="20230522 15:38:27.478"/>
</kw>
<kw name="Set Variable" library="BuiltIn">
<var>${traffic_data}</var>
<arg>${payload}[${WORK_ITEM_NAME}]</arg>
<doc>Returns the given values which can then be assigned to a variables.</doc>
<msg timestamp="20230522 15:38:27.479" level="INFO">${traffic_data} = {'country': 'SVN', 'year': 2018, 'rate': 4.52394}</msg>
<status status="PASS" starttime="20230522 15:38:27.478" endtime="20230522 15:38:27.479"/>
</kw>
<kw name="Validate traffic data">
<var>${is_data_valid}</var>
<arg>${traffic_data}</arg>
<kw name="Get value from JSON" library="RPA.JSON">
<var>${country}</var>
<arg>${traffic_data}</arg>
<arg>$.country</arg>
<doc>Get a single value from a JSON serializable object that matches the given expression.</doc>
<msg timestamp="20230522 15:38:27.481" level="INFO">Get value from JSON with expression: '$.country'</msg>
<msg timestamp="20230522 15:38:27.548" level="INFO">${country} = SVN</msg>
<status status="PASS" starttime="20230522 15:38:27.480" endtime="20230522 15:38:27.548"/>
</kw>
<kw name="Evaluate" library="BuiltIn">
<var>${valid}</var>
<arg>len('${country}') == 3</arg>
<doc>Evaluates the given expression in Python and returns the result.</doc>
<msg timestamp="20230522 15:38:27.550" level="INFO">${valid} = True</msg>
<status status="PASS" starttime="20230522 15:38:27.549" endtime="20230522 15:38:27.550"/>
</kw>
<return>
<value>${valid}</value>
<status status="PASS" starttime="20230522 15:38:27.550" endtime="20230522 15:38:27.551"/>
</return>
<msg timestamp="20230522 15:38:27.552" level="INFO">${is_data_valid} = True</msg>
<status status="PASS" starttime="20230522 15:38:27.480" endtime="20230522 15:38:27.552"/>
</kw>
<if>
<branch type="IF" condition="${is_data_valid} == True">
<kw name="Pass traffic data into system">
<arg>${traffic_data}</arg>
<kw name="Run Keyword And Ignore Error" library="BuiltIn">
<var>${status}</var>
<var>${return}</var>
<arg>POST</arg>
<arg>https://robocorp.com/inhuman-insurance-inc/sales-system-api</arg>
<arg>${traffic_data}</arg>
<doc>Runs the given keyword with the given arguments and ignores possible error.</doc>
<kw name="POST" library="RPA.HTTP">
<arg>https://robocorp.com/inhuman-insurance-inc/sales-system-api</arg>
<arg>${traffic_data}</arg>
<doc>Sends a POST request.</doc>
<status status="PASS" starttime="20230522 15:38:27.556" endtime="20230522 15:38:27.945"/>
</kw>
<msg timestamp="20230522 15:38:27.945" level="INFO">${status} = PASS</msg>
<msg timestamp="20230522 15:38:27.945" level="INFO">${return} = &lt;Response [200]&gt;</msg>
<status status="PASS" starttime="20230522 15:38:27.555" endtime="20230522 15:38:27.946"/>
</kw>
<kw name="Handle traffic API response">
<arg>${status}</arg>
<arg>${return}</arg>
<arg>${traffic_data}</arg>
<if>
<branch type="IF" condition="&quot;${status}&quot; == &quot;PASS&quot;">
<kw name="Handle traffic API OK response">
<kw name="Release Input Work Item" library="RPA.Robocorp.WorkItems">
<arg>DONE</arg>
<doc>Release the lastly retrieved input work item and set its state.</doc>
<msg timestamp="20230522 15:38:27.948" level="INFO">Releasing item '3' with COMPLETED state and exception: None</msg>
<status status="PASS" starttime="20230522 15:38:27.948" endtime="20230522 15:38:27.949"/>
</kw>
<status status="PASS" starttime="20230522 15:38:27.947" endtime="20230522 15:38:27.949"/>
</kw>
<status status="PASS" starttime="20230522 15:38:27.947" endtime="20230522 15:38:27.949"/>
</branch>
<branch type="ELSE">
<kw name="Handle traffic API error message">
<arg>${return}</arg>
<arg>${traffic_data}</arg>
<status status="NOT RUN" starttime="20230522 15:38:27.950" endtime="20230522 15:38:27.950"/>
</kw>
<status status="NOT RUN" starttime="20230522 15:38:27.949" endtime="20230522 15:38:27.950"/>
</branch>
<status status="PASS" starttime="20230522 15:38:27.947" endtime="20230522 15:38:27.950"/>
</if>
<status status="PASS" starttime="20230522 15:38:27.946" endtime="20230522 15:38:27.950"/>
</kw>
<status status="PASS" starttime="20230522 15:38:27.553" endtime="20230522 15:38:27.951"/>
</kw>
<status status="PASS" starttime="20230522 15:38:27.553" endtime="20230522 15:38:27.951"/>
</branch>
<branch type="ELSE">
<kw name="Handle invalid traffic data">
<arg>${traffic_data}</arg>
<status status="NOT RUN" starttime="20230522 15:38:27.951" endtime="20230522 15:38:27.951"/>
</kw>
<status status="NOT RUN" starttime="20230522 15:38:27.951" endtime="20230522 15:38:27.952"/>
</branch>
<status status="PASS" starttime="20230522 15:38:27.552" endtime="20230522 15:38:27.952"/>
</if>
<status status="PASS" starttime="20230522 15:38:27.476" endtime="20230522 15:38:27.952"/>
</kw>
<kw name="Process traffic data">
<kw name="Get Work Item Payload" library="RPA.Robocorp.WorkItems">
<var>${payload}</var>
<doc>Get the full JSON payload for a work item.</doc>
<msg timestamp="20230522 15:38:27.953" level="INFO">${payload} = {'traffic_data': {'country': 'SGP', 'year': 2009, 'rate': 4.40944}}</msg>
<status status="PASS" starttime="20230522 15:38:27.953" endtime="20230522 15:38:27.953"/>
</kw>
<kw name="Set Variable" library="BuiltIn">
<var>${traffic_data}</var>
<arg>${payload}[${WORK_ITEM_NAME}]</arg>
<doc>Returns the given values which can then be assigned to a variables.</doc>
<msg timestamp="20230522 15:38:27.954" level="INFO">${traffic_data} = {'country': 'SGP', 'year': 2009, 'rate': 4.40944}</msg>
<status status="PASS" starttime="20230522 15:38:27.954" endtime="20230522 15:38:27.955"/>
</kw>
<kw name="Validate traffic data">
<var>${is_data_valid}</var>
<arg>${traffic_data}</arg>
<kw name="Get value from JSON" library="RPA.JSON">
<var>${country}</var>
<arg>${traffic_data}</arg>
<arg>$.country</arg>
<doc>Get a single value from a JSON serializable object that matches the given expression.</doc>
<msg timestamp="20230522 15:38:27.956" level="INFO">Get value from JSON with expression: '$.country'</msg>
<msg timestamp="20230522 15:38:28.003" level="INFO">${country} = SGP</msg>
<status status="PASS" starttime="20230522 15:38:27.956" endtime="20230522 15:38:28.003"/>
</kw>
<kw name="Evaluate" library="BuiltIn">
<var>${valid}</var>
<arg>len('${country}') == 3</arg>
<doc>Evaluates the given expression in Python and returns the result.</doc>
<msg timestamp="20230522 15:38:28.005" level="INFO">${valid} = True</msg>
<status status="PASS" starttime="20230522 15:38:28.004" endtime="20230522 15:38:28.005"/>
</kw>
<return>
<value>${valid}</value>
<status status="PASS" starttime="20230522 15:38:28.005" endtime="20230522 15:38:28.005"/>
</return>
<msg timestamp="20230522 15:38:28.005" level="INFO">${is_data_valid} = True</msg>
<status status="PASS" starttime="20230522 15:38:27.955" endtime="20230522 15:38:28.006"/>
</kw>
<if>
<branch type="IF" condition="${is_data_valid} == True">
<kw name="Pass traffic data into system">
<arg>${traffic_data}</arg>
<kw name="Run Keyword And Ignore Error" library="BuiltIn">
<var>${status}</var>
<var>${return}</var>
<arg>POST</arg>
<arg>https://robocorp.com/inhuman-insurance-inc/sales-system-api</arg>
<arg>${traffic_data}</arg>
<doc>Runs the given keyword with the given arguments and ignores possible error.</doc>
<kw name="POST" library="RPA.HTTP">
<arg>https://robocorp.com/inhuman-insurance-inc/sales-system-api</arg>
<arg>${traffic_data}</arg>
<doc>Sends a POST request.</doc>
<status status="PASS" starttime="20230522 15:38:28.007" endtime="20230522 15:38:28.437"/>
</kw>
<msg timestamp="20230522 15:38:28.437" level="INFO">${status} = PASS</msg>
<msg timestamp="20230522 15:38:28.437" level="INFO">${return} = &lt;Response [200]&gt;</msg>
<status status="PASS" starttime="20230522 15:38:28.007" endtime="20230522 15:38:28.437"/>
</kw>
<kw name="Handle traffic API response">
<arg>${status}</arg>
<arg>${return}</arg>
<arg>${traffic_data}</arg>
<if>
<branch type="IF" condition="&quot;${status}&quot; == &quot;PASS&quot;">
<kw name="Handle traffic API OK response">
<kw name="Release Input Work Item" library="RPA.Robocorp.WorkItems">
<arg>DONE</arg>
<doc>Release the lastly retrieved input work item and set its state.</doc>
<msg timestamp="20230522 15:38:28.441" level="INFO">Releasing item '4' with COMPLETED state and exception: None</msg>
<status status="PASS" starttime="20230522 15:38:28.440" endtime="20230522 15:38:28.441"/>
</kw>
<status status="PASS" starttime="20230522 15:38:28.439" endtime="20230522 15:38:28.441"/>
</kw>
<status status="PASS" starttime="20230522 15:38:28.439" endtime="20230522 15:38:28.442"/>
</branch>
<branch type="ELSE">
<kw name="Handle traffic API error message">
<arg>${return}</arg>
<arg>${traffic_data}</arg>
<status status="NOT RUN" starttime="20230522 15:38:28.442" endtime="20230522 15:38:28.442"/>
</kw>
<status status="NOT RUN" starttime="20230522 15:38:28.442" endtime="20230522 15:38:28.442"/>
</branch>
<status status="PASS" starttime="20230522 15:38:28.439" endtime="20230522 15:38:28.443"/>
</if>
<status status="PASS" starttime="20230522 15:38:28.438" endtime="20230522 15:38:28.443"/>
</kw>
<status status="PASS" starttime="20230522 15:38:28.006" endtime="20230522 15:38:28.443"/>
</kw>
<status status="PASS" starttime="20230522 15:38:28.006" endtime="20230522 15:38:28.443"/>
</branch>
<branch type="ELSE">
<kw name="Handle invalid traffic data">
<arg>${traffic_data}</arg>
<status status="NOT RUN" starttime="20230522 15:38:28.444" endtime="20230522 15:38:28.444"/>
</kw>
<status status="NOT RUN" starttime="20230522 15:38:28.443" endtime="20230522 15:38:28.444"/>
</branch>
<status status="PASS" starttime="20230522 15:38:28.006" endtime="20230522 15:38:28.444"/>
</if>
<status status="PASS" starttime="20230522 15:38:27.952" endtime="20230522 15:38:28.444"/>
</kw>
<kw name="Process traffic data">
<kw name="Get Work Item Payload" library="RPA.Robocorp.WorkItems">
<var>${payload}</var>
<doc>Get the full JSON payload for a work item.</doc>
<msg timestamp="20230522 15:38:28.446" level="INFO">${payload} = {'traffic_data': {'country': 'NOR', 'year': 2009, 'rate': 4.59928}}</msg>
<status status="PASS" starttime="20230522 15:38:28.445" endtime="20230522 15:38:28.446"/>
</kw>
<kw name="Set Variable" library="BuiltIn">
<var>${traffic_data}</var>
<arg>${payload}[${WORK_ITEM_NAME}]</arg>
<doc>Returns the given values which can then be assigned to a variables.</doc>
<msg timestamp="20230522 15:38:28.447" level="INFO">${traffic_data} = {'country': 'NOR', 'year': 2009, 'rate': 4.59928}</msg>
<status status="PASS" starttime="20230522 15:38:28.446" endtime="20230522 15:38:28.447"/>
</kw>
<kw name="Validate traffic data">
<var>${is_data_valid}</var>
<arg>${traffic_data}</arg>
<kw name="Get value from JSON" library="RPA.JSON">
<var>${country}</var>
<arg>${traffic_data}</arg>
<arg>$.country</arg>
<doc>Get a single value from a JSON serializable object that matches the given expression.</doc>
<msg timestamp="20230522 15:38:28.449" level="INFO">Get value from JSON with expression: '$.country'</msg>
<msg timestamp="20230522 15:38:28.495" level="INFO">${country} = NOR</msg>
<status status="PASS" starttime="20230522 15:38:28.449" endtime="20230522 15:38:28.495"/>
</kw>
<kw name="Evaluate" library="BuiltIn">
<var>${valid}</var>
<arg>len('${country}') == 3</arg>
<doc>Evaluates the given expression in Python and returns the result.</doc>
<msg timestamp="20230522 15:38:28.497" level="INFO">${valid} = True</msg>
<status status="PASS" starttime="20230522 15:38:28.496" endtime="20230522 15:38:28.497"/>
</kw>
<return>
<value>${valid}</value>
<status status="PASS" starttime="20230522 15:38:28.497" endtime="20230522 15:38:28.498"/>
</return>
<msg timestamp="20230522 15:38:28.498" level="INFO">${is_data_valid} = True</msg>
<status status="PASS" starttime="20230522 15:38:28.448" endtime="20230522 15:38:28.498"/>
</kw>
<if>
<branch type="IF" condition="${is_data_valid} == True">
<kw name="Pass traffic data into system">
<arg>${traffic_data}</arg>
<kw name="Run Keyword And Ignore Error" library="BuiltIn">
<var>${status}</var>
<var>${return}</var>
<arg>POST</arg>
<arg>https://robocorp.com/inhuman-insurance-inc/sales-system-api</arg>
<arg>${traffic_data}</arg>
<doc>Runs the given keyword with the given arguments and ignores possible error.</doc>
<kw name="POST" library="RPA.HTTP">
<arg>https://robocorp.com/inhuman-insurance-inc/sales-system-api</arg>
<arg>${traffic_data}</arg>
<doc>Sends a POST request.</doc>
<status status="PASS" starttime="20230522 15:38:28.500" endtime="20230522 15:38:28.957"/>
</kw>
<msg timestamp="20230522 15:38:28.957" level="INFO">${status} = PASS</msg>
<msg timestamp="20230522 15:38:28.957" level="INFO">${return} = &lt;Response [200]&gt;</msg>
<status status="PASS" starttime="20230522 15:38:28.500" endtime="20230522 15:38:28.958"/>
</kw>
<kw name="Handle traffic API response">
<arg>${status}</arg>
<arg>${return}</arg>
<arg>${traffic_data}</arg>
<if>
<branch type="IF" condition="&quot;${status}&quot; == &quot;PASS&quot;">
<kw name="Handle traffic API OK response">
<kw name="Release Input Work Item" library="RPA.Robocorp.WorkItems">
<arg>DONE</arg>
<doc>Release the lastly retrieved input work item and set its state.</doc>
<msg timestamp="20230522 15:38:28.960" level="INFO">Releasing item '5' with COMPLETED state and exception: None</msg>
<status status="PASS" starttime="20230522 15:38:28.960" endtime="20230522 15:38:28.961"/>
</kw>
<status status="PASS" starttime="20230522 15:38:28.959" endtime="20230522 15:38:28.961"/>
</kw>
<status status="PASS" starttime="20230522 15:38:28.959" endtime="20230522 15:38:28.961"/>
</branch>
<branch type="ELSE">
<kw name="Handle traffic API error message">
<arg>${return}</arg>
<arg>${traffic_data}</arg>
<status status="NOT RUN" starttime="20230522 15:38:28.962" endtime="20230522 15:38:28.962"/>
</kw>
<status status="NOT RUN" starttime="20230522 15:38:28.961" endtime="20230522 15:38:28.962"/>
</branch>
<status status="PASS" starttime="20230522 15:38:28.959" endtime="20230522 15:38:28.962"/>
</if>
<status status="PASS" starttime="20230522 15:38:28.958" endtime="20230522 15:38:28.962"/>
</kw>
<status status="PASS" starttime="20230522 15:38:28.499" endtime="20230522 15:38:28.963"/>
</kw>
<status status="PASS" starttime="20230522 15:38:28.499" endtime="20230522 15:38:28.963"/>
</branch>
<branch type="ELSE">
<kw name="Handle invalid traffic data">
<arg>${traffic_data}</arg>
<status status="NOT RUN" starttime="20230522 15:38:28.963" endtime="20230522 15:38:28.964"/>
</kw>
<status status="NOT RUN" starttime="20230522 15:38:28.963" endtime="20230522 15:38:28.964"/>
</branch>
<status status="PASS" starttime="20230522 15:38:28.499" endtime="20230522 15:38:28.964"/>
</if>
<status status="PASS" starttime="20230522 15:38:28.445" endtime="20230522 15:38:28.964"/>
</kw>
<kw name="Process traffic data">
<kw name="Get Work Item Payload" library="RPA.Robocorp.WorkItems">
<var>${payload}</var>
<doc>Get the full JSON payload for a work item.</doc>
<msg timestamp="20230522 15:38:28.965" level="INFO">${payload} = {'traffic_data': {'country': 'NLD', 'year': 2007, 'rate': 4.94346}}</msg>
<status status="PASS" starttime="20230522 15:38:28.965" endtime="20230522 15:38:28.966"/>
</kw>
<kw name="Set Variable" library="BuiltIn">
<var>${traffic_data}</var>
<arg>${payload}[${WORK_ITEM_NAME}]</arg>
<doc>Returns the given values which can then be assigned to a variables.</doc>
<msg timestamp="20230522 15:38:28.967" level="INFO">${traffic_data} = {'country': 'NLD', 'year': 2007, 'rate': 4.94346}</msg>
<status status="PASS" starttime="20230522 15:38:28.966" endtime="20230522 15:38:28.968"/>
</kw>
<kw name="Validate traffic data">
<var>${is_data_valid}</var>
<arg>${traffic_data}</arg>
<kw name="Get value from JSON" library="RPA.JSON">
<var>${country}</var>
<arg>${traffic_data}</arg>
<arg>$.country</arg>
<doc>Get a single value from a JSON serializable object that matches the given expression.</doc>
<msg timestamp="20230522 15:38:28.970" level="INFO">Get value from JSON with expression: '$.country'</msg>
<msg timestamp="20230522 15:38:29.040" level="INFO">${country} = NLD</msg>
<status status="PASS" starttime="20230522 15:38:28.969" endtime="20230522 15:38:29.040"/>
</kw>
<kw name="Evaluate" library="BuiltIn">
<var>${valid}</var>
<arg>len('${country}') == 3</arg>
<doc>Evaluates the given expression in Python and returns the result.</doc>
<msg timestamp="20230522 15:38:29.042" level="INFO">${valid} = True</msg>
<status status="PASS" starttime="20230522 15:38:29.041" endtime="20230522 15:38:29.042"/>
</kw>
<return>
<value>${valid}</value>
<status status="PASS" starttime="20230522 15:38:29.043" endtime="20230522 15:38:29.043"/>
</return>
<msg timestamp="20230522 15:38:29.044" level="INFO">${is_data_valid} = True</msg>
<status status="PASS" starttime="20230522 15:38:28.968" endtime="20230522 15:38:29.044"/>
</kw>
<if>
<branch type="IF" condition="${is_data_valid} == True">
<kw name="Pass traffic data into system">
<arg>${traffic_data}</arg>
<kw name="Run Keyword And Ignore Error" library="BuiltIn">
<var>${status}</var>
<var>${return}</var>
<arg>POST</arg>
<arg>https://robocorp.com/inhuman-insurance-inc/sales-system-api</arg>
<arg>${traffic_data}</arg>
<doc>Runs the given keyword with the given arguments and ignores possible error.</doc>
<kw name="POST" library="RPA.HTTP">
<arg>https://robocorp.com/inhuman-insurance-inc/sales-system-api</arg>
<arg>${traffic_data}</arg>
<doc>Sends a POST request.</doc>
<status status="PASS" starttime="20230522 15:38:29.046" endtime="20230522 15:38:29.511"/>
</kw>
<msg timestamp="20230522 15:38:29.511" level="INFO">${status} = PASS</msg>
<msg timestamp="20230522 15:38:29.511" level="INFO">${return} = &lt;Response [200]&gt;</msg>
<status status="PASS" starttime="20230522 15:38:29.045" endtime="20230522 15:38:29.512"/>
</kw>
<kw name="Handle traffic API response">
<arg>${status}</arg>
<arg>${return}</arg>
<arg>${traffic_data}</arg>
<if>
<branch type="IF" condition="&quot;${status}&quot; == &quot;PASS&quot;">
<kw name="Handle traffic API OK response">
<kw name="Release Input Work Item" library="RPA.Robocorp.WorkItems">
<arg>DONE</arg>
<doc>Release the lastly retrieved input work item and set its state.</doc>
<msg timestamp="20230522 15:38:29.515" level="INFO">Releasing item '6' with COMPLETED state and exception: None</msg>
<status status="PASS" starttime="20230522 15:38:29.514" endtime="20230522 15:38:29.515"/>
</kw>
<status status="PASS" starttime="20230522 15:38:29.513" endtime="20230522 15:38:29.515"/>
</kw>
<status status="PASS" starttime="20230522 15:38:29.513" endtime="20230522 15:38:29.515"/>
</branch>
<branch type="ELSE">
<kw name="Handle traffic API error message">
<arg>${return}</arg>
<arg>${traffic_data}</arg>
<status status="NOT RUN" starttime="20230522 15:38:29.516" endtime="20230522 15:38:29.516"/>
</kw>
<status status="NOT RUN" starttime="20230522 15:38:29.516" endtime="20230522 15:38:29.516"/>
</branch>
<status status="PASS" starttime="20230522 15:38:29.513" endtime="20230522 15:38:29.517"/>
</if>
<status status="PASS" starttime="20230522 15:38:29.512" endtime="20230522 15:38:29.517"/>
</kw>
<status status="PASS" starttime="20230522 15:38:29.045" endtime="20230522 15:38:29.517"/>
</kw>
<status status="PASS" starttime="20230522 15:38:29.044" endtime="20230522 15:38:29.517"/>
</branch>
<branch type="ELSE">
<kw name="Handle invalid traffic data">
<arg>${traffic_data}</arg>
<status status="NOT RUN" starttime="20230522 15:38:29.518" endtime="20230522 15:38:29.518"/>
</kw>
<status status="NOT RUN" starttime="20230522 15:38:29.517" endtime="20230522 15:38:29.518"/>
</branch>
<status status="PASS" starttime="20230522 15:38:29.044" endtime="20230522 15:38:29.518"/>
</if>
<status status="PASS" starttime="20230522 15:38:28.964" endtime="20230522 15:38:29.518"/>
</kw>
<kw name="Process traffic data">
<kw name="Get Work Item Payload" library="RPA.Robocorp.WorkItems">
<var>${payload}</var>
<doc>Get the full JSON payload for a work item.</doc>
<msg timestamp="20230522 15:38:29.520" level="INFO">${payload} = {'traffic_data': {'country': 'MLT', 'year': 2000, 'rate': 4.5726}}</msg>
<status status="PASS" starttime="20230522 15:38:29.519" endtime="20230522 15:38:29.520"/>
</kw>
<kw name="Set Variable" library="BuiltIn">
<var>${traffic_data}</var>
<arg>${payload}[${WORK_ITEM_NAME}]</arg>
<doc>Returns the given values which can then be assigned to a variables.</doc>
<msg timestamp="20230522 15:38:29.521" level="INFO">${traffic_data} = {'country': 'MLT', 'year': 2000, 'rate': 4.5726}</msg>
<status status="PASS" starttime="20230522 15:38:29.520" endtime="20230522 15:38:29.521"/>
</kw>
<kw name="Validate traffic data">
<var>${is_data_valid}</var>
<arg>${traffic_data}</arg>
<kw name="Get value from JSON" library="RPA.JSON">
<var>${country}</var>
<arg>${traffic_data}</arg>
<arg>$.country</arg>
<doc>Get a single value from a JSON serializable object that matches the given expression.</doc>
<msg timestamp="20230522 15:38:29.523" level="INFO">Get value from JSON with expression: '$.country'</msg>
<msg timestamp="20230522 15:38:29.567" level="INFO">${country} = MLT</msg>
<status status="PASS" starttime="20230522 15:38:29.522" endtime="20230522 15:38:29.568"/>
</kw>
<kw name="Evaluate" library="BuiltIn">
<var>${valid}</var>
<arg>len('${country}') == 3</arg>
<doc>Evaluates the given expression in Python and returns the result.</doc>
<msg timestamp="20230522 15:38:29.569" level="INFO">${valid} = True</msg>
<status status="PASS" starttime="20230522 15:38:29.568" endtime="20230522 15:38:29.569"/>
</kw>
<return>
<value>${valid}</value>
<status status="PASS" starttime="20230522 15:38:29.570" endtime="20230522 15:38:29.570"/>
</return>
<msg timestamp="20230522 15:38:29.570" level="INFO">${is_data_valid} = True</msg>
<status status="PASS" starttime="20230522 15:38:29.521" endtime="20230522 15:38:29.571"/>
</kw>
<if>
<branch type="IF" condition="${is_data_valid} == True">
<kw name="Pass traffic data into system">
<arg>${traffic_data}</arg>
<kw name="Run Keyword And Ignore Error" library="BuiltIn">
<var>${status}</var>
<var>${return}</var>
<arg>POST</arg>
<arg>https://robocorp.com/inhuman-insurance-inc/sales-system-api</arg>
<arg>${traffic_data}</arg>
<doc>Runs the given keyword with the given arguments and ignores possible error.</doc>
<kw name="POST" library="RPA.HTTP">
<arg>https://robocorp.com/inhuman-insurance-inc/sales-system-api</arg>
<arg>${traffic_data}</arg>
<doc>Sends a POST request.</doc>
<status status="PASS" starttime="20230522 15:38:29.572" endtime="20230522 15:38:30.018"/>
</kw>
<msg timestamp="20230522 15:38:30.018" level="INFO">${status} = PASS</msg>
<msg timestamp="20230522 15:38:30.019" level="INFO">${return} = &lt;Response [200]&gt;</msg>
<status status="PASS" starttime="20230522 15:38:29.572" endtime="20230522 15:38:30.019"/>
</kw>
<kw name="Handle traffic API response">
<arg>${status}</arg>
<arg>${return}</arg>
<arg>${traffic_data}</arg>
<if>
<branch type="IF" condition="&quot;${status}&quot; == &quot;PASS&quot;">
<kw name="Handle traffic API OK response">
<kw name="Release Input Work Item" library="RPA.Robocorp.WorkItems">
<arg>DONE</arg>
<doc>Release the lastly retrieved input work item and set its state.</doc>
<msg timestamp="20230522 15:38:30.022" level="INFO">Releasing item '7' with COMPLETED state and exception: None</msg>
<status status="PASS" starttime="20230522 15:38:30.021" endtime="20230522 15:38:30.022"/>
</kw>
<status status="PASS" starttime="20230522 15:38:30.020" endtime="20230522 15:38:30.022"/>
</kw>
<status status="PASS" starttime="20230522 15:38:30.020" endtime="20230522 15:38:30.022"/>
</branch>
<branch type="ELSE">
<kw name="Handle traffic API error message">
<arg>${return}</arg>
<arg>${traffic_data}</arg>
<status status="NOT RUN" starttime="20230522 15:38:30.023" endtime="20230522 15:38:30.023"/>
</kw>
<status status="NOT RUN" starttime="20230522 15:38:30.022" endtime="20230522 15:38:30.023"/>
</branch>
<status status="PASS" starttime="20230522 15:38:30.020" endtime="20230522 15:38:30.024"/>
</if>
<status status="PASS" starttime="20230522 15:38:30.019" endtime="20230522 15:38:30.024"/>
</kw>
<status status="PASS" starttime="20230522 15:38:29.571" endtime="20230522 15:38:30.024"/>
</kw>
<status status="PASS" starttime="20230522 15:38:29.571" endtime="20230522 15:38:30.025"/>
</branch>
<branch type="ELSE">
<kw name="Handle invalid traffic data">
<arg>${traffic_data}</arg>
<status status="NOT RUN" starttime="20230522 15:38:30.025" endtime="20230522 15:38:30.025"/>
</kw>
<status status="NOT RUN" starttime="20230522 15:38:30.025" endtime="20230522 15:38:30.026"/>
</branch>
<status status="PASS" starttime="20230522 15:38:29.571" endtime="20230522 15:38:30.026"/>
</if>
<status status="PASS" starttime="20230522 15:38:29.519" endtime="20230522 15:38:30.026"/>
</kw>
<kw name="Process traffic data">
<kw name="Get Work Item Payload" library="RPA.Robocorp.WorkItems">
<var>${payload}</var>
<doc>Get the full JSON payload for a work item.</doc>
<msg timestamp="20230522 15:38:30.027" level="INFO">${payload} = {'traffic_data': {'country': 'MDV', 'year': 2000, 'rate': 1.78958}}</msg>
<status status="PASS" starttime="20230522 15:38:30.027" endtime="20230522 15:38:30.028"/>
</kw>
<kw name="Set Variable" library="BuiltIn">
<var>${traffic_data}</var>
<arg>${payload}[${WORK_ITEM_NAME}]</arg>
<doc>Returns the given values which can then be assigned to a variables.</doc>
<msg timestamp="20230522 15:38:30.029" level="INFO">${traffic_data} = {'country': 'MDV', 'year': 2000, 'rate': 1.78958}</msg>
<status status="PASS" starttime="20230522 15:38:30.028" endtime="20230522 15:38:30.029"/>
</kw>
<kw name="Validate traffic data">
<var>${is_data_valid}</var>
<arg>${traffic_data}</arg>
<kw name="Get value from JSON" library="RPA.JSON">
<var>${country}</var>
<arg>${traffic_data}</arg>
<arg>$.country</arg>
<doc>Get a single value from a JSON serializable object that matches the given expression.</doc>
<msg timestamp="20230522 15:38:30.031" level="INFO">Get value from JSON with expression: '$.country'</msg>
<msg timestamp="20230522 15:38:30.118" level="INFO">${country} = MDV</msg>
<status status="PASS" starttime="20230522 15:38:30.030" endtime="20230522 15:38:30.118"/>
</kw>
<kw name="Evaluate" library="BuiltIn">
<var>${valid}</var>
<arg>len('${country}') == 3</arg>
<doc>Evaluates the given expression in Python and returns the result.</doc>
<msg timestamp="20230522 15:38:30.119" level="INFO">${valid} = True</msg>
<status status="PASS" starttime="20230522 15:38:30.119" endtime="20230522 15:38:30.120"/>
</kw>
<return>
<value>${valid}</value>
<status status="PASS" starttime="20230522 15:38:30.120" endtime="20230522 15:38:30.120"/>
</return>
<msg timestamp="20230522 15:38:30.120" level="INFO">${is_data_valid} = True</msg>
<status status="PASS" starttime="20230522 15:38:30.029" endtime="20230522 15:38:30.120"/>
</kw>
<if>
<branch type="IF" condition="${is_data_valid} == True">
<kw name="Pass traffic data into system">
<arg>${traffic_data}</arg>
<kw name="Run Keyword And Ignore Error" library="BuiltIn">
<var>${status}</var>
<var>${return}</var>
<arg>POST</arg>
<arg>https://robocorp.com/inhuman-insurance-inc/sales-system-api</arg>
<arg>${traffic_data}</arg>
<doc>Runs the given keyword with the given arguments and ignores possible error.</doc>
<kw name="POST" library="RPA.HTTP">
<arg>https://robocorp.com/inhuman-insurance-inc/sales-system-api</arg>
<arg>${traffic_data}</arg>
<doc>Sends a POST request.</doc>
<status status="PASS" starttime="20230522 15:38:30.122" endtime="20230522 15:38:30.547"/>
</kw>
<msg timestamp="20230522 15:38:30.548" level="INFO">${status} = PASS</msg>
<msg timestamp="20230522 15:38:30.548" level="INFO">${return} = &lt;Response [200]&gt;</msg>
<status status="PASS" starttime="20230522 15:38:30.122" endtime="20230522 15:38:30.548"/>
</kw>
<kw name="Handle traffic API response">
<arg>${status}</arg>
<arg>${return}</arg>
<arg>${traffic_data}</arg>
<if>
<branch type="IF" condition="&quot;${status}&quot; == &quot;PASS&quot;">
<kw name="Handle traffic API OK response">
<kw name="Release Input Work Item" library="RPA.Robocorp.WorkItems">
<arg>DONE</arg>
<doc>Release the lastly retrieved input work item and set its state.</doc>
<msg timestamp="20230522 15:38:30.551" level="INFO">Releasing item '8' with COMPLETED state and exception: None</msg>
<status status="PASS" starttime="20230522 15:38:30.550" endtime="20230522 15:38:30.551"/>
</kw>
<status status="PASS" starttime="20230522 15:38:30.550" endtime="20230522 15:38:30.551"/>
</kw>
<status status="PASS" starttime="20230522 15:38:30.549" endtime="20230522 15:38:30.552"/>
</branch>
<branch type="ELSE">
<kw name="Handle traffic API error message">
<arg>${return}</arg>
<arg>${traffic_data}</arg>
<status status="NOT RUN" starttime="20230522 15:38:30.552" endtime="20230522 15:38:30.552"/>
</kw>
<status status="NOT RUN" starttime="20230522 15:38:30.552" endtime="20230522 15:38:30.552"/>
</branch>
<status status="PASS" starttime="20230522 15:38:30.549" endtime="20230522 15:38:30.553"/>
</if>
<status status="PASS" starttime="20230522 15:38:30.548" endtime="20230522 15:38:30.553"/>
</kw>
<status status="PASS" starttime="20230522 15:38:30.121" endtime="20230522 15:38:30.553"/>
</kw>
<status status="PASS" starttime="20230522 15:38:30.121" endtime="20230522 15:38:30.553"/>
</branch>
<branch type="ELSE">
<kw name="Handle invalid traffic data">
<arg>${traffic_data}</arg>
<status status="NOT RUN" starttime="20230522 15:38:30.554" endtime="20230522 15:38:30.554"/>
</kw>
<status status="NOT RUN" starttime="20230522 15:38:30.553" endtime="20230522 15:38:30.554"/>
</branch>
<status status="PASS" starttime="20230522 15:38:30.121" endtime="20230522 15:38:30.554"/>
</if>
<status status="PASS" starttime="20230522 15:38:30.026" endtime="20230522 15:38:30.554"/>
</kw>
<kw name="Process traffic data">
<kw name="Get Work Item Payload" library="RPA.Robocorp.WorkItems">
<var>${payload}</var>
<doc>Get the full JSON payload for a work item.</doc>
<msg timestamp="20230522 15:38:30.556" level="INFO">${payload} = {'traffic_data': {'country': 'LUX', 'year': 2017, 'rate': 4.79185}}</msg>
<status status="PASS" starttime="20230522 15:38:30.555" endtime="20230522 15:38:30.556"/>
</kw>
<kw name="Set Variable" library="BuiltIn">
<var>${traffic_data}</var>
<arg>${payload}[${WORK_ITEM_NAME}]</arg>
<doc>Returns the given values which can then be assigned to a variables.</doc>
<msg timestamp="20230522 15:38:30.557" level="INFO">${traffic_data} = {'country': 'LUX', 'year': 2017, 'rate': 4.79185}</msg>
<status status="PASS" starttime="20230522 15:38:30.556" endtime="20230522 15:38:30.557"/>
</kw>
<kw name="Validate traffic data">
<var>${is_data_valid}</var>
<arg>${traffic_data}</arg>
<kw name="Get value from JSON" library="RPA.JSON">
<var>${country}</var>
<arg>${traffic_data}</arg>
<arg>$.country</arg>
<doc>Get a single value from a JSON serializable object that matches the given expression.</doc>
<msg timestamp="20230522 15:38:30.559" level="INFO">Get value from JSON with expression: '$.country'</msg>
<msg timestamp="20230522 15:38:30.632" level="INFO">${country} = LUX</msg>
<status status="PASS" starttime="20230522 15:38:30.558" endtime="20230522 15:38:30.632"/>
</kw>
<kw name="Evaluate" library="BuiltIn">
<var>${valid}</var>
<arg>len('${country}') == 3</arg>
<doc>Evaluates the given expression in Python and returns the result.</doc>
<msg timestamp="20230522 15:38:30.635" level="INFO">${valid} = True</msg>
<status status="PASS" starttime="20230522 15:38:30.633" endtime="20230522 15:38:30.635"/>
</kw>
<return>
<value>${valid}</value>
<status status="PASS" starttime="20230522 15:38:30.635" endtime="20230522 15:38:30.636"/>
</return>
<msg timestamp="20230522 15:38:30.637" level="INFO">${is_data_valid} = True</msg>
<status status="PASS" starttime="20230522 15:38:30.557" endtime="20230522 15:38:30.637"/>
</kw>
<if>
<branch type="IF" condition="${is_data_valid} == True">
<kw name="Pass traffic data into system">
<arg>${traffic_data}</arg>
<kw name="Run Keyword And Ignore Error" library="BuiltIn">
<var>${status}</var>
<var>${return}</var>
<arg>POST</arg>
<arg>https://robocorp.com/inhuman-insurance-inc/sales-system-api</arg>
<arg>${traffic_data}</arg>
<doc>Runs the given keyword with the given arguments and ignores possible error.</doc>
<kw name="POST" library="RPA.HTTP">
<arg>https://robocorp.com/inhuman-insurance-inc/sales-system-api</arg>
<arg>${traffic_data}</arg>
<doc>Sends a POST request.</doc>
<msg timestamp="20230522 15:38:31.064" level="FAIL">HTTPError: 500 Server Error: Internal Server Error for url: https://robocorp.com/inhuman-insurance-inc/sales-system-api</msg>
<status status="FAIL" starttime="20230522 15:38:30.640" endtime="20230522 15:38:31.065"/>
</kw>
<msg timestamp="20230522 15:38:31.066" level="INFO">${status} = FAIL</msg>
<msg timestamp="20230522 15:38:31.066" level="INFO">${return} = HTTPError: 500 Server Error: Internal Server Error for url: https://robocorp.com/inhuman-insurance-inc/sales-system-api</msg>
<status status="PASS" starttime="20230522 15:38:30.640" endtime="20230522 15:38:31.066"/>
</kw>
<kw name="Handle traffic API response">
<arg>${status}</arg>
<arg>${return}</arg>
<arg>${traffic_data}</arg>
<if>
<branch type="IF" condition="&quot;${status}&quot; == &quot;PASS&quot;">
<kw name="Handle traffic API OK response">
<status status="NOT RUN" starttime="20230522 15:38:31.068" endtime="20230522 15:38:31.068"/>
</kw>
<status status="NOT RUN" starttime="20230522 15:38:31.068" endtime="20230522 15:38:31.068"/>
</branch>
<branch type="ELSE">
<kw name="Handle traffic API error message">
<arg>${return}</arg>
<arg>${traffic_data}</arg>
<kw name="Log" library="BuiltIn">
<arg>Traffic data posting failed::${traffic_data} ${return}</arg>
<arg>Error</arg>
<doc>Logs the given message with the given level.</doc>
<msg timestamp="20230522 15:38:31.070" level="ERROR">Traffic data posting failed::{'country': 'LUX', 'year': 2017, 'rate': 4.79185} HTTPError: 500 Server Error: Internal Server Error for url: https://robocorp.com/inhuman-insurance-inc/sales-system-api</msg>
<status status="PASS" starttime="20230522 15:38:31.070" endtime="20230522 15:38:31.073"/>
</kw>
<kw name="Release Input Work Item" library="RPA.Robocorp.WorkItems">
<arg>state=FAILED</arg>
<arg>exception_type=APPLICATION</arg>
<arg>code=TRAFFIC_DATA_POST_FAILED</arg>
<arg>message=${return}</arg>
<doc>Release the lastly retrieved input work item and set its state.</doc>
<msg timestamp="20230522 15:38:31.075" level="ERROR">Releasing item '9' with FAILED state and exception: {'type': 'APPLICATION', 'code': 'TRAFFIC_DATA_POST_FAILED', 'message': 'HTTPError: 500 Server Error: Internal Server Error for url: https://robocorp.com/inhuman-insurance-inc/sales-system-api'}</msg>
<status status="PASS" starttime="20230522 15:38:31.073" endtime="20230522 15:38:31.078"/>
</kw>
<status status="PASS" starttime="20230522 15:38:31.069" endtime="20230522 15:38:31.079"/>
</kw>
<status status="PASS" starttime="20230522 15:38:31.069" endtime="20230522 15:38:31.079"/>
</branch>
<status status="PASS" starttime="20230522 15:38:31.068" endtime="20230522 15:38:31.079"/>
</if>
<status status="PASS" starttime="20230522 15:38:31.066" endtime="20230522 15:38:31.079"/>
</kw>
<status status="PASS" starttime="20230522 15:38:30.638" endtime="20230522 15:38:31.080"/>
</kw>
<status status="PASS" starttime="20230522 15:38:30.638" endtime="20230522 15:38:31.080"/>
</branch>
<branch type="ELSE">
<kw name="Handle invalid traffic data">
<arg>${traffic_data}</arg>
<status status="NOT RUN" starttime="20230522 15:38:31.081" endtime="20230522 15:38:31.081"/>
</kw>
<status status="NOT RUN" starttime="20230522 15:38:31.080" endtime="20230522 15:38:31.081"/>
</branch>
<status status="PASS" starttime="20230522 15:38:30.637" endtime="20230522 15:38:31.081"/>
</if>
<status status="PASS" starttime="20230522 15:38:30.555" endtime="20230522 15:38:31.082"/>
</kw>
<kw name="Process traffic data">
<kw name="Get Work Item Payload" library="RPA.Robocorp.WorkItems">
<var>${payload}</var>
<doc>Get the full JSON payload for a work item.</doc>
<msg timestamp="20230522 15:38:31.083" level="INFO">${payload} = {'traffic_data': {'country': 'LCA', 'year': 2008, 'rate': 3.52918}}</msg>
<status status="PASS" starttime="20230522 15:38:31.083" endtime="20230522 15:38:31.083"/>
</kw>
<kw name="Set Variable" library="BuiltIn">
<var>${traffic_data}</var>
<arg>${payload}[${WORK_ITEM_NAME}]</arg>
<doc>Returns the given values which can then be assigned to a variables.</doc>
<msg timestamp="20230522 15:38:31.085" level="INFO">${traffic_data} = {'country': 'LCA', 'year': 2008, 'rate': 3.52918}</msg>
<status status="PASS" starttime="20230522 15:38:31.084" endtime="20230522 15:38:31.085"/>
</kw>
<kw name="Validate traffic data">
<var>${is_data_valid}</var>
<arg>${traffic_data}</arg>
<kw name="Get value from JSON" library="RPA.JSON">
<var>${country}</var>
<arg>${traffic_data}</arg>
<arg>$.country</arg>
<doc>Get a single value from a JSON serializable object that matches the given expression.</doc>
<msg timestamp="20230522 15:38:31.089" level="INFO">Get value from JSON with expression: '$.country'</msg>
<msg timestamp="20230522 15:38:31.130" level="INFO">${country} = LCA</msg>
<status status="PASS" starttime="20230522 15:38:31.087" endtime="20230522 15:38:31.130"/>
</kw>
<kw name="Evaluate" library="BuiltIn">
<var>${valid}</var>
<arg>len('${country}') == 3</arg>
<doc>Evaluates the given expression in Python and returns the result.</doc>
<msg timestamp="20230522 15:38:31.131" level="INFO">${valid} = True</msg>
<status status="PASS" starttime="20230522 15:38:31.131" endtime="20230522 15:38:31.132"/>
</kw>
<return>
<value>${valid}</value>
<status status="PASS" starttime="20230522 15:38:31.132" endtime="20230522 15:38:31.132"/>
</return>
<msg timestamp="20230522 15:38:31.133" level="INFO">${is_data_valid} = True</msg>
<status status="PASS" starttime="20230522 15:38:31.086" endtime="20230522 15:38:31.133"/>
</kw>
<if>
<branch type="IF" condition="${is_data_valid} == True">
<kw name="Pass traffic data into system">
<arg>${traffic_data}</arg>
<kw name="Run Keyword And Ignore Error" library="BuiltIn">
<var>${status}</var>
<var>${return}</var>
<arg>POST</arg>
<arg>https://robocorp.com/inhuman-insurance-inc/sales-system-api</arg>
<arg>${traffic_data}</arg>
<doc>Runs the given keyword with the given arguments and ignores possible error.</doc>
<kw name="POST" library="RPA.HTTP">
<arg>https://robocorp.com/inhuman-insurance-inc/sales-system-api</arg>
<arg>${traffic_data}</arg>
<doc>Sends a POST request.</doc>
<status status="PASS" starttime="20230522 15:38:31.134" endtime="20230522 15:38:31.556"/>
</kw>
<msg timestamp="20230522 15:38:31.557" level="INFO">${status} = PASS</msg>
<msg timestamp="20230522 15:38:31.557" level="INFO">${return} = &lt;Response [200]&gt;</msg>
<status status="PASS" starttime="20230522 15:38:31.134" endtime="20230522 15:38:31.557"/>
</kw>
<kw name="Handle traffic API response">
<arg>${status}</arg>
<arg>${return}</arg>
<arg>${traffic_data}</arg>
<if>
<branch type="IF" condition="&quot;${status}&quot; == &quot;PASS&quot;">
<kw name="Handle traffic API OK response">
<kw name="Release Input Work Item" library="RPA.Robocorp.WorkItems">
<arg>DONE</arg>
<doc>Release the lastly retrieved input work item and set its state.</doc>
<msg timestamp="20230522 15:38:31.560" level="INFO">Releasing item '10' with COMPLETED state and exception: None</msg>
<status status="PASS" starttime="20230522 15:38:31.559" endtime="20230522 15:38:31.560"/>
</kw>
<status status="PASS" starttime="20230522 15:38:31.559" endtime="20230522 15:38:31.560"/>
</kw>
<status status="PASS" starttime="20230522 15:38:31.558" endtime="20230522 15:38:31.561"/>
</branch>
<branch type="ELSE">
<kw name="Handle traffic API error message">
<arg>${return}</arg>
<arg>${traffic_data}</arg>
<status status="NOT RUN" starttime="20230522 15:38:31.561" endtime="20230522 15:38:31.562"/>
</kw>
<status status="NOT RUN" starttime="20230522 15:38:31.561" endtime="20230522 15:38:31.562"/>
</branch>
<status status="PASS" starttime="20230522 15:38:31.558" endtime="20230522 15:38:31.563"/>
</if>
<status status="PASS" starttime="20230522 15:38:31.557" endtime="20230522 15:38:31.563"/>
</kw>
<status status="PASS" starttime="20230522 15:38:31.133" endtime="20230522 15:38:31.564"/>
</kw>
<status status="PASS" starttime="20230522 15:38:31.133" endtime="20230522 15:38:31.564"/>
</branch>
<branch type="ELSE">
<kw name="Handle invalid traffic data">
<arg>${traffic_data}</arg>
<status status="NOT RUN" starttime="20230522 15:38:31.564" endtime="20230522 15:38:31.565"/>
</kw>
<status status="NOT RUN" starttime="20230522 15:38:31.564" endtime="20230522 15:38:31.565"/>
</branch>
<status status="PASS" starttime="20230522 15:38:31.133" endtime="20230522 15:38:31.565"/>
</if>
<status status="PASS" starttime="20230522 15:38:31.082" endtime="20230522 15:38:31.565"/>
</kw>
<kw name="Process traffic data">
<kw name="Get Work Item Payload" library="RPA.Robocorp.WorkItems">
<var>${payload}</var>
<doc>Get the full JSON payload for a work item.</doc>
<msg timestamp="20230522 15:38:31.566" level="INFO">${payload} = {'traffic_data': {'country': 'KIR', 'year': 2008, 'rate': 2.02511}}</msg>
<status status="PASS" starttime="20230522 15:38:31.566" endtime="20230522 15:38:31.567"/>
</kw>
<kw name="Set Variable" library="BuiltIn">
<var>${traffic_data}</var>
<arg>${payload}[${WORK_ITEM_NAME}]</arg>
<doc>Returns the given values which can then be assigned to a variables.</doc>
<msg timestamp="20230522 15:38:31.568" level="INFO">${traffic_data} = {'country': 'KIR', 'year': 2008, 'rate': 2.02511}</msg>
<status status="PASS" starttime="20230522 15:38:31.567" endtime="20230522 15:38:31.568"/>
</kw>
<kw name="Validate traffic data">
<var>${is_data_valid}</var>
<arg>${traffic_data}</arg>
<kw name="Get value from JSON" library="RPA.JSON">
<var>${country}</var>
<arg>${traffic_data}</arg>
<arg>$.country</arg>
<doc>Get a single value from a JSON serializable object that matches the given expression.</doc>
<msg timestamp="20230522 15:38:31.570" level="INFO">Get value from JSON with expression: '$.country'</msg>
<msg timestamp="20230522 15:38:31.617" level="INFO">${country} = KIR</msg>
<status status="PASS" starttime="20230522 15:38:31.569" endtime="20230522 15:38:31.617"/>
</kw>
<kw name="Evaluate" library="BuiltIn">
<var>${valid}</var>
<arg>len('${country}') == 3</arg>
<doc>Evaluates the given expression in Python and returns the result.</doc>
<msg timestamp="20230522 15:38:31.619" level="INFO">${valid} = True</msg>
<status status="PASS" starttime="20230522 15:38:31.618" endtime="20230522 15:38:31.619"/>
</kw>
<return>
<value>${valid}</value>
<status status="PASS" starttime="20230522 15:38:31.619" endtime="20230522 15:38:31.620"/>
</return>
<msg timestamp="20230522 15:38:31.620" level="INFO">${is_data_valid} = True</msg>
<status status="PASS" starttime="20230522 15:38:31.568" endtime="20230522 15:38:31.620"/>
</kw>
<if>
<branch type="IF" condition="${is_data_valid} == True">
<kw name="Pass traffic data into system">
<arg>${traffic_data}</arg>
<kw name="Run Keyword And Ignore Error" library="BuiltIn">
<var>${status}</var>
<var>${return}</var>
<arg>POST</arg>
<arg>https://robocorp.com/inhuman-insurance-inc/sales-system-api</arg>
<arg>${traffic_data}</arg>
<doc>Runs the given keyword with the given arguments and ignores possible error.</doc>
<kw name="POST" library="RPA.HTTP">
<arg>https://robocorp.com/inhuman-insurance-inc/sales-system-api</arg>
<arg>${traffic_data}</arg>
<doc>Sends a POST request.</doc>
<status status="PASS" starttime="20230522 15:38:31.622" endtime="20230522 15:38:32.060"/>
</kw>
<msg timestamp="20230522 15:38:32.060" level="INFO">${status} = PASS</msg>
<msg timestamp="20230522 15:38:32.061" level="INFO">${return} = &lt;Response [200]&gt;</msg>
<status status="PASS" starttime="20230522 15:38:31.622" endtime="20230522 15:38:32.061"/>
</kw>
<kw name="Handle traffic API response">
<arg>${status}</arg>
<arg>${return}</arg>
<arg>${traffic_data}</arg>
<if>
<branch type="IF" condition="&quot;${status}&quot; == &quot;PASS&quot;">
<kw name="Handle traffic API OK response">
<kw name="Release Input Work Item" library="RPA.Robocorp.WorkItems">
<arg>DONE</arg>
<doc>Release the lastly retrieved input work item and set its state.</doc>
<msg timestamp="20230522 15:38:32.064" level="INFO">Releasing item '11' with COMPLETED state and exception: None</msg>
<status status="PASS" starttime="20230522 15:38:32.063" endtime="20230522 15:38:32.064"/>
</kw>
<status status="PASS" starttime="20230522 15:38:32.062" endtime="20230522 15:38:32.064"/>
</kw>
<status status="PASS" starttime="20230522 15:38:32.062" endtime="20230522 15:38:32.064"/>
</branch>
<branch type="ELSE">
<kw name="Handle traffic API error message">
<arg>${return}</arg>
<arg>${traffic_data}</arg>
<status status="NOT RUN" starttime="20230522 15:38:32.065" endtime="20230522 15:38:32.065"/>
</kw>
<status status="NOT RUN" starttime="20230522 15:38:32.064" endtime="20230522 15:38:32.065"/>
</branch>
<status status="PASS" starttime="20230522 15:38:32.062" endtime="20230522 15:38:32.065"/>
</if>
<status status="PASS" starttime="20230522 15:38:32.061" endtime="20230522 15:38:32.065"/>
</kw>
<status status="PASS" starttime="20230522 15:38:31.621" endtime="20230522 15:38:32.066"/>
</kw>
<status status="PASS" starttime="20230522 15:38:31.621" endtime="20230522 15:38:32.066"/>
</branch>
<branch type="ELSE">
<kw name="Handle invalid traffic data">
<arg>${traffic_data}</arg>
<status status="NOT RUN" starttime="20230522 15:38:32.066" endtime="20230522 15:38:32.067"/>
</kw>
<status status="NOT RUN" starttime="20230522 15:38:32.066" endtime="20230522 15:38:32.067"/>
</branch>
<status status="PASS" starttime="20230522 15:38:31.620" endtime="20230522 15:38:32.067"/>
</if>
<status status="PASS" starttime="20230522 15:38:31.565" endtime="20230522 15:38:32.067"/>
</kw>
<kw name="Process traffic data">
<kw name="Get Work Item Payload" library="RPA.Robocorp.WorkItems">
<var>${payload}</var>
<doc>Get the full JSON payload for a work item.</doc>
<msg timestamp="20230522 15:38:32.069" level="INFO">${payload} = {'traffic_data': {'country': 'JPN', 'year': 2011, 'rate': 4.9658}}</msg>
<status status="PASS" starttime="20230522 15:38:32.068" endtime="20230522 15:38:32.069"/>
</kw>
<kw name="Set Variable" library="BuiltIn">
<var>${traffic_data}</var>
<arg>${payload}[${WORK_ITEM_NAME}]</arg>
<doc>Returns the given values which can then be assigned to a variables.</doc>
<msg timestamp="20230522 15:38:32.070" level="INFO">${traffic_data} = {'country': 'JPN', 'year': 2011, 'rate': 4.9658}</msg>
<status status="PASS" starttime="20230522 15:38:32.069" endtime="20230522 15:38:32.070"/>
</kw>
<kw name="Validate traffic data">
<var>${is_data_valid}</var>
<arg>${traffic_data}</arg>
<kw name="Get value from JSON" library="RPA.JSON">
<var>${country}</var>
<arg>${traffic_data}</arg>
<arg>$.country</arg>
<doc>Get a single value from a JSON serializable object that matches the given expression.</doc>
<msg timestamp="20230522 15:38:32.072" level="INFO">Get value from JSON with expression: '$.country'</msg>
<msg timestamp="20230522 15:38:32.117" level="INFO">${country} = JPN</msg>
<status status="PASS" starttime="20230522 15:38:32.071" endtime="20230522 15:38:32.117"/>
</kw>
<kw name="Evaluate" library="BuiltIn">
<var>${valid}</var>
<arg>len('${country}') == 3</arg>
<doc>Evaluates the given expression in Python and returns the result.</doc>
<msg timestamp="20230522 15:38:32.119" level="INFO">${valid} = True</msg>
<status status="PASS" starttime="20230522 15:38:32.118" endtime="20230522 15:38:32.119"/>
</kw>
<return>
<value>${valid}</value>
<status status="PASS" starttime="20230522 15:38:32.120" endtime="20230522 15:38:32.120"/>
</return>
<msg timestamp="20230522 15:38:32.121" level="INFO">${is_data_valid} = True</msg>
<status status="PASS" starttime="20230522 15:38:32.070" endtime="20230522 15:38:32.121"/>
</kw>
<if>
<branch type="IF" condition="${is_data_valid} == True">
<kw name="Pass traffic data into system">
<arg>${traffic_data}</arg>
<kw name="Run Keyword And Ignore Error" library="BuiltIn">
<var>${status}</var>
<var>${return}</var>
<arg>POST</arg>
<arg>https://robocorp.com/inhuman-insurance-inc/sales-system-api</arg>
<arg>${traffic_data}</arg>
<doc>Runs the given keyword with the given arguments and ignores possible error.</doc>
<kw name="POST" library="RPA.HTTP">
<arg>https://robocorp.com/inhuman-insurance-inc/sales-system-api</arg>
<arg>${traffic_data}</arg>
<doc>Sends a POST request.</doc>
<msg timestamp="20230522 15:38:32.541" level="FAIL">HTTPError: 500 Server Error: Internal Server Error for url: https://robocorp.com/inhuman-insurance-inc/sales-system-api</msg>
<status status="FAIL" starttime="20230522 15:38:32.124" endtime="20230522 15:38:32.542"/>
</kw>
<msg timestamp="20230522 15:38:32.542" level="INFO">${status} = FAIL</msg>
<msg timestamp="20230522 15:38:32.542" level="INFO">${return} = HTTPError: 500 Server Error: Internal Server Error for url: https://robocorp.com/inhuman-insurance-inc/sales-system-api</msg>
<status status="PASS" starttime="20230522 15:38:32.123" endtime="20230522 15:38:32.542"/>
</kw>
<kw name="Handle traffic API response">
<arg>${status}</arg>
<arg>${return}</arg>
<arg>${traffic_data}</arg>
<if>
<branch type="IF" condition="&quot;${status}&quot; == &quot;PASS&quot;">
<kw name="Handle traffic API OK response">
<status status="NOT RUN" starttime="20230522 15:38:32.544" endtime="20230522 15:38:32.545"/>
</kw>
<status status="NOT RUN" starttime="20230522 15:38:32.544" endtime="20230522 15:38:32.545"/>
</branch>
<branch type="ELSE">
<kw name="Handle traffic API error message">
<arg>${return}</arg>
<arg>${traffic_data}</arg>
<kw name="Log" library="BuiltIn">
<arg>Traffic data posting failed::${traffic_data} ${return}</arg>
<arg>Error</arg>
<doc>Logs the given message with the given level.</doc>
<msg timestamp="20230522 15:38:32.547" level="ERROR">Traffic data posting failed::{'country': 'JPN', 'year': 2011, 'rate': 4.9658} HTTPError: 500 Server Error: Internal Server Error for url: https://robocorp.com/inhuman-insurance-inc/sales-system-api</msg>
<status status="PASS" starttime="20230522 15:38:32.546" endtime="20230522 15:38:32.548"/>
</kw>
<kw name="Release Input Work Item" library="RPA.Robocorp.WorkItems">
<arg>state=FAILED</arg>
<arg>exception_type=APPLICATION</arg>
<arg>code=TRAFFIC_DATA_POST_FAILED</arg>
<arg>message=${return}</arg>
<doc>Release the lastly retrieved input work item and set its state.</doc>
<msg timestamp="20230522 15:38:32.551" level="ERROR">Releasing item '12' with FAILED state and exception: {'type': 'APPLICATION', 'code': 'TRAFFIC_DATA_POST_FAILED', 'message': 'HTTPError: 500 Server Error: Internal Server Error for url: https://robocorp.com/inhuman-insurance-inc/sales-system-api'}</msg>
<status status="PASS" starttime="20230522 15:38:32.549" endtime="20230522 15:38:32.554"/>
</kw>
<status status="PASS" starttime="20230522 15:38:32.545" endtime="20230522 15:38:32.554"/>
</kw>
<status status="PASS" starttime="20230522 15:38:32.545" endtime="20230522 15:38:32.554"/>
</branch>
<status status="PASS" starttime="20230522 15:38:32.544" endtime="20230522 15:38:32.555"/>
</if>
<status status="PASS" starttime="20230522 15:38:32.543" endtime="20230522 15:38:32.555"/>
</kw>
<status status="PASS" starttime="20230522 15:38:32.122" endtime="20230522 15:38:32.555"/>
</kw>
<status status="PASS" starttime="20230522 15:38:32.122" endtime="20230522 15:38:32.556"/>
</branch>
<branch type="ELSE">
<kw name="Handle invalid traffic data">
<arg>${traffic_data}</arg>
<status status="NOT RUN" starttime="20230522 15:38:32.556" endtime="20230522 15:38:32.557"/>
</kw>
<status status="NOT RUN" starttime="20230522 15:38:32.556" endtime="20230522 15:38:32.557"/>
</branch>
<status status="PASS" starttime="20230522 15:38:32.121" endtime="20230522 15:38:32.557"/>
</if>
<status status="PASS" starttime="20230522 15:38:32.068" endtime="20230522 15:38:32.558"/>
</kw>
<kw name="Process traffic data">
<kw name="Get Work Item Payload" library="RPA.Robocorp.WorkItems">
<var>${payload}</var>
<doc>Get the full JSON payload for a work item.</doc>
<msg timestamp="20230522 15:38:32.560" level="INFO">${payload} = {'traffic_data': {'country': 'ISR', 'year': 2009, 'rate': 4.45743}}</msg>
<status status="PASS" starttime="20230522 15:38:32.559" endtime="20230522 15:38:32.560"/>
</kw>
<kw name="Set Variable" library="BuiltIn">
<var>${traffic_data}</var>
<arg>${payload}[${WORK_ITEM_NAME}]</arg>
<doc>Returns the given values which can then be assigned to a variables.</doc>
<msg timestamp="20230522 15:38:32.561" level="INFO">${traffic_data} = {'country': 'ISR', 'year': 2009, 'rate': 4.45743}</msg>
<status status="PASS" starttime="20230522 15:38:32.560" endtime="20230522 15:38:32.561"/>
</kw>
<kw name="Validate traffic data">
<var>${is_data_valid}</var>
<arg>${traffic_data}</arg>
<kw name="Get value from JSON" library="RPA.JSON">
<var>${country}</var>
<arg>${traffic_data}</arg>
<arg>$.country</arg>
<doc>Get a single value from a JSON serializable object that matches the given expression.</doc>
<msg timestamp="20230522 15:38:32.563" level="INFO">Get value from JSON with expression: '$.country'</msg>
<msg timestamp="20230522 15:38:32.607" level="INFO">${country} = ISR</msg>
<status status="PASS" starttime="20230522 15:38:32.562" endtime="20230522 15:38:32.607"/>
</kw>
<kw name="Evaluate" library="BuiltIn">
<var>${valid}</var>
<arg>len('${country}') == 3</arg>
<doc>Evaluates the given expression in Python and returns the result.</doc>
<msg timestamp="20230522 15:38:32.608" level="INFO">${valid} = True</msg>
<status status="PASS" starttime="20230522 15:38:32.607" endtime="20230522 15:38:32.608"/>
</kw>
<return>
<value>${valid}</value>
<status status="PASS" starttime="20230522 15:38:32.609" endtime="20230522 15:38:32.609"/>
</return>
<msg timestamp="20230522 15:38:32.609" level="INFO">${is_data_valid} = True</msg>
<status status="PASS" starttime="20230522 15:38:32.562" endtime="20230522 15:38:32.609"/>
</kw>
<if>
<branch type="IF" condition="${is_data_valid} == True">
<kw name="Pass traffic data into system">
<arg>${traffic_data}</arg>
<kw name="Run Keyword And Ignore Error" library="BuiltIn">
<var>${status}</var>
<var>${return}</var>
<arg>POST</arg>
<arg>https://robocorp.com/inhuman-insurance-inc/sales-system-api</arg>
<arg>${traffic_data}</arg>
<doc>Runs the given keyword with the given arguments and ignores possible error.</doc>
<kw name="POST" library="RPA.HTTP">
<arg>https://robocorp.com/inhuman-insurance-inc/sales-system-api</arg>
<arg>${traffic_data}</arg>
<doc>Sends a POST request.</doc>
<msg timestamp="20230522 15:38:33.019" level="FAIL">HTTPError: 500 Server Error: Internal Server Error for url: https://robocorp.com/inhuman-insurance-inc/sales-system-api</msg>
<status status="FAIL" starttime="20230522 15:38:32.612" endtime="20230522 15:38:33.021"/>
</kw>
<msg timestamp="20230522 15:38:33.021" level="INFO">${status} = FAIL</msg>
<msg timestamp="20230522 15:38:33.022" level="INFO">${return} = HTTPError: 500 Server Error: Internal Server Error for url: https://robocorp.com/inhuman-insurance-inc/sales-system-api</msg>
<status status="PASS" starttime="20230522 15:38:32.611" endtime="20230522 15:38:33.022"/>
</kw>
<kw name="Handle traffic API response">
<arg>${status}</arg>
<arg>${return}</arg>
<arg>${traffic_data}</arg>
<if>
<branch type="IF" condition="&quot;${status}&quot; == &quot;PASS&quot;">
<kw name="Handle traffic API OK response">
<status status="NOT RUN" starttime="20230522 15:38:33.024" endtime="20230522 15:38:33.024"/>
</kw>
<status status="NOT RUN" starttime="20230522 15:38:33.024" endtime="20230522 15:38:33.024"/>
</branch>
<branch type="ELSE">
<kw name="Handle traffic API error message">
<arg>${return}</arg>
<arg>${traffic_data}</arg>
<kw name="Log" library="BuiltIn">
<arg>Traffic data posting failed::${traffic_data} ${return}</arg>
<arg>Error</arg>
<doc>Logs the given message with the given level.</doc>
<msg timestamp="20230522 15:38:33.026" level="ERROR">Traffic data posting failed::{'country': 'ISR', 'year': 2009, 'rate': 4.45743} HTTPError: 500 Server Error: Internal Server Error for url: https://robocorp.com/inhuman-insurance-inc/sales-system-api</msg>
<status status="PASS" starttime="20230522 15:38:33.026" endtime="20230522 15:38:33.028"/>
</kw>
<kw name="Release Input Work Item" library="RPA.Robocorp.WorkItems">
<arg>state=FAILED</arg>
<arg>exception_type=APPLICATION</arg>
<arg>code=TRAFFIC_DATA_POST_FAILED</arg>
<arg>message=${return}</arg>
<doc>Release the lastly retrieved input work item and set its state.</doc>
<msg timestamp="20230522 15:38:33.030" level="ERROR">Releasing item '13' with FAILED state and exception: {'type': 'APPLICATION', 'code': 'TRAFFIC_DATA_POST_FAILED', 'message': 'HTTPError: 500 Server Error: Internal Server Error for url: https://robocorp.com/inhuman-insurance-inc/sales-system-api'}</msg>
<status status="PASS" starttime="20230522 15:38:33.029" endtime="20230522 15:38:33.033"/>
</kw>
<status status="PASS" starttime="20230522 15:38:33.025" endtime="20230522 15:38:33.033"/>
</kw>
<status status="PASS" starttime="20230522 15:38:33.025" endtime="20230522 15:38:33.033"/>
</branch>
<status status="PASS" starttime="20230522 15:38:33.024" endtime="20230522 15:38:33.034"/>
</if>
<status status="PASS" starttime="20230522 15:38:33.023" endtime="20230522 15:38:33.034"/>
</kw>
<status status="PASS" starttime="20230522 15:38:32.610" endtime="20230522 15:38:33.034"/>
</kw>
<status status="PASS" starttime="20230522 15:38:32.610" endtime="20230522 15:38:33.034"/>
</branch>
<branch type="ELSE">
<kw name="Handle invalid traffic data">
<arg>${traffic_data}</arg>
<status status="NOT RUN" starttime="20230522 15:38:33.035" endtime="20230522 15:38:33.035"/>
</kw>
<status status="NOT RUN" starttime="20230522 15:38:33.035" endtime="20230522 15:38:33.035"/>
</branch>
<status status="PASS" starttime="20230522 15:38:32.610" endtime="20230522 15:38:33.036"/>
</if>
<status status="PASS" starttime="20230522 15:38:32.558" endtime="20230522 15:38:33.036"/>
</kw>
<kw name="Process traffic data">
<kw name="Get Work Item Payload" library="RPA.Robocorp.WorkItems">
<var>${payload}</var>
<doc>Get the full JSON payload for a work item.</doc>
<msg timestamp="20230522 15:38:33.039" level="INFO">${payload} = {'traffic_data': {'country': 'ISL', 'year': 2007, 'rate': 4.92545}}</msg>
<status status="PASS" starttime="20230522 15:38:33.038" endtime="20230522 15:38:33.039"/>
</kw>
<kw name="Set Variable" library="BuiltIn">
<var>${traffic_data}</var>
<arg>${payload}[${WORK_ITEM_NAME}]</arg>
<doc>Returns the given values which can then be assigned to a variables.</doc>
<msg timestamp="20230522 15:38:33.041" level="INFO">${traffic_data} = {'country': 'ISL', 'year': 2007, 'rate': 4.92545}</msg>
<status status="PASS" starttime="20230522 15:38:33.039" endtime="20230522 15:38:33.041"/>
</kw>
<kw name="Validate traffic data">
<var>${is_data_valid}</var>
<arg>${traffic_data}</arg>
<kw name="Get value from JSON" library="RPA.JSON">
<var>${country}</var>
<arg>${traffic_data}</arg>
<arg>$.country</arg>
<doc>Get a single value from a JSON serializable object that matches the given expression.</doc>
<msg timestamp="20230522 15:38:33.043" level="INFO">Get value from JSON with expression: '$.country'</msg>
<msg timestamp="20230522 15:38:33.118" level="INFO">${country} = ISL</msg>
<status status="PASS" starttime="20230522 15:38:33.042" endtime="20230522 15:38:33.119"/>
</kw>
<kw name="Evaluate" library="BuiltIn">
<var>${valid}</var>
<arg>len('${country}') == 3</arg>
<doc>Evaluates the given expression in Python and returns the result.</doc>
<msg timestamp="20230522 15:38:33.122" level="INFO">${valid} = True</msg>
<status status="PASS" starttime="20230522 15:38:33.120" endtime="20230522 15:38:33.122"/>
</kw>
<return>
<value>${valid}</value>
<status status="PASS" starttime="20230522 15:38:33.122" endtime="20230522 15:38:33.123"/>
</return>
<msg timestamp="20230522 15:38:33.123" level="INFO">${is_data_valid} = True</msg>
<status status="PASS" starttime="20230522 15:38:33.041" endtime="20230522 15:38:33.123"/>
</kw>
<if>
<branch type="IF" condition="${is_data_valid} == True">
<kw name="Pass traffic data into system">
<arg>${traffic_data}</arg>
<kw name="Run Keyword And Ignore Error" library="BuiltIn">
<var>${status}</var>
<var>${return}</var>
<arg>POST</arg>
<arg>https://robocorp.com/inhuman-insurance-inc/sales-system-api</arg>
<arg>${traffic_data}</arg>
<doc>Runs the given keyword with the given arguments and ignores possible error.</doc>
<kw name="POST" library="RPA.HTTP">
<arg>https://robocorp.com/inhuman-insurance-inc/sales-system-api</arg>
<arg>${traffic_data}</arg>
<doc>Sends a POST request.</doc>
<status status="PASS" starttime="20230522 15:38:33.128" endtime="20230522 15:38:33.536"/>
</kw>
<msg timestamp="20230522 15:38:33.537" level="INFO">${status} = PASS</msg>
<msg timestamp="20230522 15:38:33.537" level="INFO">${return} = &lt;Response [200]&gt;</msg>
<status status="PASS" starttime="20230522 15:38:33.127" endtime="20230522 15:38:33.537"/>
</kw>
<kw name="Handle traffic API response">
<arg>${status}</arg>
<arg>${return}</arg>
<arg>${traffic_data}</arg>
<if>
<branch type="IF" condition="&quot;${status}&quot; == &quot;PASS&quot;">
<kw name="Handle traffic API OK response">
<kw name="Release Input Work Item" library="RPA.Robocorp.WorkItems">
<arg>DONE</arg>
<doc>Release the lastly retrieved input work item and set its state.</doc>
<msg timestamp="20230522 15:38:33.540" level="INFO">Releasing item '14' with COMPLETED state and exception: None</msg>
<status status="PASS" starttime="20230522 15:38:33.539" endtime="20230522 15:38:33.540"/>
</kw>
<status status="PASS" starttime="20230522 15:38:33.539" endtime="20230522 15:38:33.541"/>
</kw>
<status status="PASS" starttime="20230522 15:38:33.539" endtime="20230522 15:38:33.541"/>
</branch>
<branch type="ELSE">
<kw name="Handle traffic API error message">
<arg>${return}</arg>
<arg>${traffic_data}</arg>
[...]
<msg timestamp="20230522 15:38:42.094" level="INFO">${return} = &lt;Response [200]&gt;</msg>
<status status="PASS" starttime="20230522 15:38:41.685" endtime="20230522 15:38:42.095"/>
</kw>
<kw name="Handle traffic API response">
<arg>${status}</arg>
<arg>${return}</arg>
<arg>${traffic_data}</arg>
<if>
<branch type="IF" condition="&quot;${status}&quot; == &quot;PASS&quot;">
<kw name="Handle traffic API OK response">
<kw name="Release Input Work Item" library="RPA.Robocorp.WorkItems">
<arg>DONE</arg>
<doc>Release the lastly retrieved input work item and set its state.</doc>
<msg timestamp="20230522 15:38:42.100" level="INFO">Releasing item '27' with COMPLETED state and exception: None</msg>
<status status="PASS" starttime="20230522 15:38:42.099" endtime="20230522 15:38:42.101"/>
</kw>
<status status="PASS" starttime="20230522 15:38:42.098" endtime="20230522 15:38:42.101"/>
</kw>
<status status="PASS" starttime="20230522 15:38:42.097" endtime="20230522 15:38:42.102"/>
</branch>
<branch type="ELSE">
<kw name="Handle traffic API error message">
<arg>${return}</arg>
<arg>${traffic_data}</arg>
<status status="NOT RUN" starttime="20230522 15:38:42.103" endtime="20230522 15:38:42.104"/>
</kw>
<status status="NOT RUN" starttime="20230522 15:38:42.102" endtime="20230522 15:38:42.104"/>
</branch>
<status status="PASS" starttime="20230522 15:38:42.097" endtime="20230522 15:38:42.104"/>
</if>
<status status="PASS" starttime="20230522 15:38:42.095" endtime="20230522 15:38:42.105"/>
</kw>
<status status="PASS" starttime="20230522 15:38:41.684" endtime="20230522 15:38:42.105"/>
</kw>
<status status="PASS" starttime="20230522 15:38:41.684" endtime="20230522 15:38:42.106"/>
</branch>
<branch type="ELSE">
<kw name="Handle invalid traffic data">
<arg>${traffic_data}</arg>
<status status="NOT RUN" starttime="20230522 15:38:42.107" endtime="20230522 15:38:42.107"/>
</kw>
<status status="NOT RUN" starttime="20230522 15:38:42.106" endtime="20230522 15:38:42.107"/>
</branch>
<status status="PASS" starttime="20230522 15:38:41.684" endtime="20230522 15:38:42.108"/>
</if>
<status status="PASS" starttime="20230522 15:38:41.594" endtime="20230522 15:38:42.108"/>
</kw>
<kw name="Process traffic data">
<kw name="Get Work Item Payload" library="RPA.Robocorp.WorkItems">
<var>${payload}</var>
<doc>Get the full JSON payload for a work item.</doc>
<msg timestamp="20230522 15:38:42.110" level="INFO">${payload} = {'traffic_data': {'country': 'AUS', 'year': 2018, 'rate': 4.79252}}</msg>
<status status="PASS" starttime="20230522 15:38:42.110" endtime="20230522 15:38:42.111"/>
</kw>
<kw name="Set Variable" library="BuiltIn">
<var>${traffic_data}</var>
<arg>${payload}[${WORK_ITEM_NAME}]</arg>
<doc>Returns the given values which can then be assigned to a variables.</doc>
<msg timestamp="20230522 15:38:42.112" level="INFO">${traffic_data} = {'country': 'AUS', 'year': 2018, 'rate': 4.79252}</msg>
<status status="PASS" starttime="20230522 15:38:42.111" endtime="20230522 15:38:42.112"/>
</kw>
<kw name="Validate traffic data">
<var>${is_data_valid}</var>
<arg>${traffic_data}</arg>
<kw name="Get value from JSON" library="RPA.JSON">
<var>${country}</var>
<arg>${traffic_data}</arg>
<arg>$.country</arg>
<doc>Get a single value from a JSON serializable object that matches the given expression.</doc>
<msg timestamp="20230522 15:38:42.115" level="INFO">Get value from JSON with expression: '$.country'</msg>
<msg timestamp="20230522 15:38:42.191" level="INFO">${country} = AUS</msg>
<status status="PASS" starttime="20230522 15:38:42.114" endtime="20230522 15:38:42.191"/>
</kw>
<kw name="Evaluate" library="BuiltIn">
<var>${valid}</var>
<arg>len('${country}') == 3</arg>
<doc>Evaluates the given expression in Python and returns the result.</doc>
<msg timestamp="20230522 15:38:42.193" level="INFO">${valid} = True</msg>
<status status="PASS" starttime="20230522 15:38:42.192" endtime="20230522 15:38:42.194"/>
</kw>
<return>
<value>${valid}</value>
<status status="PASS" starttime="20230522 15:38:42.194" endtime="20230522 15:38:42.194"/>
</return>
<msg timestamp="20230522 15:38:42.195" level="INFO">${is_data_valid} = True</msg>
<status status="PASS" starttime="20230522 15:38:42.113" endtime="20230522 15:38:42.196"/>
</kw>
<if>
<branch type="IF" condition="${is_data_valid} == True">
<kw name="Pass traffic data into system">
<arg>${traffic_data}</arg>
<kw name="Run Keyword And Ignore Error" library="BuiltIn">
<var>${status}</var>
<var>${return}</var>
<arg>POST</arg>
<arg>https://robocorp.com/inhuman-insurance-inc/sales-system-api</arg>
<arg>${traffic_data}</arg>
<doc>Runs the given keyword with the given arguments and ignores possible error.</doc>
<kw name="POST" library="RPA.HTTP">
<arg>https://robocorp.com/inhuman-insurance-inc/sales-system-api</arg>
<arg>${traffic_data}</arg>
<doc>Sends a POST request.</doc>
<status status="PASS" starttime="20230522 15:38:42.201" endtime="20230522 15:38:42.952"/>
</kw>
<msg timestamp="20230522 15:38:42.953" level="INFO">${status} = PASS</msg>
<msg timestamp="20230522 15:38:42.953" level="INFO">${return} = &lt;Response [200]&gt;</msg>
<status status="PASS" starttime="20230522 15:38:42.200" endtime="20230522 15:38:42.953"/>
</kw>
<kw name="Handle traffic API response">
<arg>${status}</arg>
<arg>${return}</arg>
<arg>${traffic_data}</arg>
<if>
<branch type="IF" condition="&quot;${status}&quot; == &quot;PASS&quot;">
<kw name="Handle traffic API OK response">
<kw name="Release Input Work Item" library="RPA.Robocorp.WorkItems">
<arg>DONE</arg>
<doc>Release the lastly retrieved input work item and set its state.</doc>
<msg timestamp="20230522 15:38:42.958" level="INFO">Releasing item '28' with COMPLETED state and exception: None</msg>
<status status="PASS" starttime="20230522 15:38:42.957" endtime="20230522 15:38:42.958"/>
</kw>
<status status="PASS" starttime="20230522 15:38:42.956" endtime="20230522 15:38:42.959"/>
</kw>
<status status="PASS" starttime="20230522 15:38:42.956" endtime="20230522 15:38:42.959"/>
</branch>
<branch type="ELSE">
<kw name="Handle traffic API error message">
<arg>${return}</arg>
<arg>${traffic_data}</arg>
<status status="NOT RUN" starttime="20230522 15:38:42.959" endtime="20230522 15:38:42.960"/>
</kw>
<status status="NOT RUN" starttime="20230522 15:38:42.959" endtime="20230522 15:38:42.960"/>
</branch>
<status status="PASS" starttime="20230522 15:38:42.956" endtime="20230522 15:38:42.960"/>
</if>
<status status="PASS" starttime="20230522 15:38:42.954" endtime="20230522 15:38:42.960"/>
</kw>
<status status="PASS" starttime="20230522 15:38:42.197" endtime="20230522 15:38:42.961"/>
</kw>
<status status="PASS" starttime="20230522 15:38:42.197" endtime="20230522 15:38:42.961"/>
</branch>
<branch type="ELSE">
<kw name="Handle invalid traffic data">
<arg>${traffic_data}</arg>
<status status="NOT RUN" starttime="20230522 15:38:42.961" endtime="20230522 15:38:42.961"/>
</kw>
<status status="NOT RUN" starttime="20230522 15:38:42.961" endtime="20230522 15:38:42.961"/>
</branch>
<status status="PASS" starttime="20230522 15:38:42.196" endtime="20230522 15:38:42.962"/>
</if>
<status status="PASS" starttime="20230522 15:38:42.109" endtime="20230522 15:38:42.962"/>
</kw>
<kw name="Process traffic data">
<kw name="Get Work Item Payload" library="RPA.Robocorp.WorkItems">
<var>${payload}</var>
<doc>Get the full JSON payload for a work item.</doc>
<msg timestamp="20230522 15:38:42.963" level="INFO">${payload} = {'traffic_data': {'country': 'ATG', 'year': 2002, 'rate': 2.55434}}</msg>
<status status="PASS" starttime="20230522 15:38:42.963" endtime="20230522 15:38:42.963"/>
</kw>
<kw name="Set Variable" library="BuiltIn">
<var>${traffic_data}</var>
<arg>${payload}[${WORK_ITEM_NAME}]</arg>
<doc>Returns the given values which can then be assigned to a variables.</doc>
<msg timestamp="20230522 15:38:42.964" level="INFO">${traffic_data} = {'country': 'ATG', 'year': 2002, 'rate': 2.55434}</msg>
<status status="PASS" starttime="20230522 15:38:42.964" endtime="20230522 15:38:42.964"/>
</kw>
<kw name="Validate traffic data">
<var>${is_data_valid}</var>
<arg>${traffic_data}</arg>
<kw name="Get value from JSON" library="RPA.JSON">
<var>${country}</var>
<arg>${traffic_data}</arg>
<arg>$.country</arg>
<doc>Get a single value from a JSON serializable object that matches the given expression.</doc>
<msg timestamp="20230522 15:38:42.966" level="INFO">Get value from JSON with expression: '$.country'</msg>
<msg timestamp="20230522 15:38:43.013" level="INFO">${country} = ATG</msg>
<status status="PASS" starttime="20230522 15:38:42.965" endtime="20230522 15:38:43.013"/>
</kw>
<kw name="Evaluate" library="BuiltIn">
<var>${valid}</var>
<arg>len('${country}') == 3</arg>
<doc>Evaluates the given expression in Python and returns the result.</doc>
<msg timestamp="20230522 15:38:43.014" level="INFO">${valid} = True</msg>
<status status="PASS" starttime="20230522 15:38:43.013" endtime="20230522 15:38:43.015"/>
</kw>
<return>
<value>${valid}</value>
<status status="PASS" starttime="20230522 15:38:43.015" endtime="20230522 15:38:43.015"/>
</return>
<msg timestamp="20230522 15:38:43.016" level="INFO">${is_data_valid} = True</msg>
<status status="PASS" starttime="20230522 15:38:42.965" endtime="20230522 15:38:43.016"/>
</kw>
<if>
<branch type="IF" condition="${is_data_valid} == True">
<kw name="Pass traffic data into system">
<arg>${traffic_data}</arg>
<kw name="Run Keyword And Ignore Error" library="BuiltIn">
<var>${status}</var>
<var>${return}</var>
<arg>POST</arg>
<arg>https://robocorp.com/inhuman-insurance-inc/sales-system-api</arg>
<arg>${traffic_data}</arg>
<doc>Runs the given keyword with the given arguments and ignores possible error.</doc>
<kw name="POST" library="RPA.HTTP">
<arg>https://robocorp.com/inhuman-insurance-inc/sales-system-api</arg>
<arg>${traffic_data}</arg>
<doc>Sends a POST request.</doc>
<msg timestamp="20230522 15:38:43.428" level="FAIL">HTTPError: 500 Server Error: Internal Server Error for url: https://robocorp.com/inhuman-insurance-inc/sales-system-api</msg>
<status status="FAIL" starttime="20230522 15:38:43.018" endtime="20230522 15:38:43.429"/>
</kw>
<msg timestamp="20230522 15:38:43.430" level="INFO">${status} = FAIL</msg>
<msg timestamp="20230522 15:38:43.430" level="INFO">${return} = HTTPError: 500 Server Error: Internal Server Error for url: https://robocorp.com/inhuman-insurance-inc/sales-system-api</msg>
<status status="PASS" starttime="20230522 15:38:43.017" endtime="20230522 15:38:43.430"/>
</kw>
<kw name="Handle traffic API response">
<arg>${status}</arg>
<arg>${return}</arg>
<arg>${traffic_data}</arg>
<if>
<branch type="IF" condition="&quot;${status}&quot; == &quot;PASS&quot;">
<kw name="Handle traffic API OK response">
<status status="NOT RUN" starttime="20230522 15:38:43.432" endtime="20230522 15:38:43.432"/>
</kw>
<status status="NOT RUN" starttime="20230522 15:38:43.432" endtime="20230522 15:38:43.432"/>
</branch>
<branch type="ELSE">
<kw name="Handle traffic API error message">
<arg>${return}</arg>
<arg>${traffic_data}</arg>
<kw name="Log" library="BuiltIn">
<arg>Traffic data posting failed::${traffic_data} ${return}</arg>
<arg>Error</arg>
<doc>Logs the given message with the given level.</doc>
<msg timestamp="20230522 15:38:43.434" level="ERROR">Traffic data posting failed::{'country': 'ATG', 'year': 2002, 'rate': 2.55434} HTTPError: 500 Server Error: Internal Server Error for url: https://robocorp.com/inhuman-insurance-inc/sales-system-api</msg>
<status status="PASS" starttime="20230522 15:38:43.434" endtime="20230522 15:38:43.436"/>
</kw>
<kw name="Release Input Work Item" library="RPA.Robocorp.WorkItems">
<arg>state=FAILED</arg>
<arg>exception_type=APPLICATION</arg>
<arg>code=TRAFFIC_DATA_POST_FAILED</arg>
<arg>message=${return}</arg>
<doc>Release the lastly retrieved input work item and set its state.</doc>
<msg timestamp="20230522 15:38:43.439" level="ERROR">Releasing item '29' with FAILED state and exception: {'type': 'APPLICATION', 'code': 'TRAFFIC_DATA_POST_FAILED', 'message': 'HTTPError: 500 Server Error: Internal Server Error for url: https://robocorp.com/inhuman-insurance-inc/sales-system-api'}</msg>
<status status="PASS" starttime="20230522 15:38:43.437" endtime="20230522 15:38:43.441"/>
</kw>
<status status="PASS" starttime="20230522 15:38:43.433" endtime="20230522 15:38:43.442"/>
</kw>
<status status="PASS" starttime="20230522 15:38:43.433" endtime="20230522 15:38:43.442"/>
</branch>
<status status="PASS" starttime="20230522 15:38:43.431" endtime="20230522 15:38:43.442"/>
</if>
<status status="PASS" starttime="20230522 15:38:43.430" endtime="20230522 15:38:43.443"/>
</kw>
<status status="PASS" starttime="20230522 15:38:43.017" endtime="20230522 15:38:43.443"/>
</kw>
<status status="PASS" starttime="20230522 15:38:43.016" endtime="20230522 15:38:43.443"/>
</branch>
<branch type="ELSE">
<kw name="Handle invalid traffic data">
<arg>${traffic_data}</arg>
<status status="NOT RUN" starttime="20230522 15:38:43.444" endtime="20230522 15:38:43.444"/>
</kw>
<status status="NOT RUN" starttime="20230522 15:38:43.443" endtime="20230522 15:38:43.444"/>
</branch>
<status status="PASS" starttime="20230522 15:38:43.016" endtime="20230522 15:38:43.444"/>
</if>
<status status="PASS" starttime="20230522 15:38:42.962" endtime="20230522 15:38:43.444"/>
</kw>
<status status="PASS" starttime="20230522 15:38:26.267" endtime="20230522 15:38:43.445"/>
</kw>
<status status="PASS" starttime="20230522 15:38:26.264" endtime="20230522 15:38:43.446"/>
</test>
<doc>Inhuman Insurance, Inc. Artificial Intelligence System robot.
Consumes traffic data work items.</doc>
<status status="PASS" starttime="20230522 15:38:24.194" endtime="20230522 15:38:43.449"/>
</suite>
<status status="PASS" starttime="20230522 15:38:24.130" endtime="20230522 15:38:43.457"/>
</suite>
<statistics>
<total>
<stat pass="1" fail="0" skip="0">All Tasks</stat>
</total>
<tag>
</tag>
<suite>
<stat pass="1" fail="0" skip="0" id="s1" name="Inhuman-Insurance-Inc-Ais-Robot - Project">Inhuman-Insurance-Inc-Ais-Robot - Project</stat>
<stat pass="1" fail="0" skip="0" id="s1-s1" name="Consumer">Inhuman-Insurance-Inc-Ais-Robot - Project.Consumer</stat>
</suite>
</statistics>
<errors>
<msg timestamp="20230522 15:38:26.868" level="ERROR">Traffic data posting failed::{'country': 'VCT', 'year': 2000, 'rate': 4.63878} HTTPError: 500 Server Error: Internal Server Error for url: https://robocorp.com/inhuman-insurance-inc/sales-system-api</msg>
<msg timestamp="20230522 15:38:26.872" level="ERROR">Releasing item '0' with FAILED state and exception: {'type': 'APPLICATION', 'code': 'TRAFFIC_DATA_POST_FAILED', 'message': 'HTTPError: 500 Server Error: Internal Server Error for url: https://robocorp.com/inhuman-insurance-inc/sales-system-api'}</msg>
<msg timestamp="20230522 15:38:26.943" level="WARN">Invalid traffic data {'country': 'SWError', 'year': 2019, 'rate': 3.13947}</msg>
<msg timestamp="20230522 15:38:26.947" level="ERROR">Releasing item '1' with FAILED state and exception: {'type': 'BUSINESS', 'code': 'INVALID_TRAFFIC_DATA', 'message': "Invalid traffic data {'country': 'SWError', 'year': 2019, 'rate': 3.13947}"}</msg>
<msg timestamp="20230522 15:38:31.070" level="ERROR">Traffic data posting failed::{'country': 'LUX', 'year': 2017, 'rate': 4.79185} HTTPError: 500 Server Error: Internal Server Error for url: https://robocorp.com/inhuman-insurance-inc/sales-system-api</msg>
<msg timestamp="20230522 15:38:31.075" level="ERROR">Releasing item '9' with FAILED state and exception: {'type': 'APPLICATION', 'code': 'TRAFFIC_DATA_POST_FAILED', 'message': 'HTTPError: 500 Server Error: Internal Server Error for url: https://robocorp.com/inhuman-insurance-inc/sales-system-api'}</msg>
<msg timestamp="20230522 15:38:32.547" level="ERROR">Traffic data posting failed::{'country': 'JPN', 'year': 2011, 'rate': 4.9658} HTTPError: 500 Server Error: Internal Server Error for url: https://robocorp.com/inhuman-insurance-inc/sales-system-api</msg>
<msg timestamp="20230522 15:38:32.551" level="ERROR">Releasing item '12' with FAILED state and exception: {'type': 'APPLICATION', 'code': 'TRAFFIC_DATA_POST_FAILED', 'message': 'HTTPError: 500 Server Error: Internal Server Error for url: https://robocorp.com/inhuman-insurance-inc/sales-system-api'}</msg>
<msg timestamp="20230522 15:38:33.026" level="ERROR">Traffic data posting failed::{'country': 'ISR', 'year': 2009, 'rate': 4.45743} HTTPError: 500 Server Error: Internal Server Error for url: https://robocorp.com/inhuman-insurance-inc/sales-system-api</msg>
<msg timestamp="20230522 15:38:33.030" level="ERROR">Releasing item '13' with FAILED state and exception: {'type': 'APPLICATION', 'code': 'TRAFFIC_DATA_POST_FAILED', 'message': 'HTTPError: 500 Server Error: Internal Server Error for url: https://robocorp.com/inhuman-insurance-inc/sales-system-api'}</msg>
<msg timestamp="20230522 15:38:35.844" level="ERROR">Traffic data posting failed::{'country': 'GRD', 'year': 2000, 'rate': 4.86206} HTTPError: 500 Server Error: Internal Server Error for url: https://robocorp.com/inhuman-insurance-inc/sales-system-api</msg>
<msg timestamp="20230522 15:38:35.848" level="ERROR">Releasing item '17' with FAILED state and exception: {'type': 'APPLICATION', 'code': 'TRAFFIC_DATA_POST_FAILED', 'message': 'HTTPError: 500 Server Error: Internal Server Error for url: https://robocorp.com/inhuman-insurance-inc/sales-system-api'}</msg>
<msg timestamp="20230522 15:38:39.601" level="ERROR">Traffic data posting failed::{'country': 'ESP', 'year': 2011, 'rate': 4.69796} HTTPError: 500 Server Error: Internal Server Error for url: https://robocorp.com/inhuman-insurance-inc/sales-system-api</msg>
<msg timestamp="20230522 15:38:39.605" level="ERROR">Releasing item '22' with FAILED state and exception: {'type': 'APPLICATION', 'code': 'TRAFFIC_DATA_POST_FAILED', 'message': 'HTTPError: 500 Server Error: Internal Server Error for url: https://robocorp.com/inhuman-insurance-inc/sales-system-api'}</msg>
<msg timestamp="20230522 15:38:41.088" level="ERROR">Traffic data posting failed::{'country': 'CYP', 'year': 2013, 'rate': 4.9831} HTTPError: 500 Server Error: Internal Server Error for url: https://robocorp.com/inhuman-insurance-inc/sales-system-api</msg>
<msg timestamp="20230522 15:38:41.093" level="ERROR">Releasing item '25' with FAILED state and exception: {'type': 'APPLICATION', 'code': 'TRAFFIC_DATA_POST_FAILED', 'message': 'HTTPError: 500 Server Error: Internal Server Error for url: https://robocorp.com/inhuman-insurance-inc/sales-system-api'}</msg>
<msg timestamp="20230522 15:38:41.583" level="ERROR">Traffic data posting failed::{'country': 'CHE', 'year': 2008, 'rate': 4.82761} HTTPError: 500 Server Error: Internal Server Error for url: https://robocorp.com/inhuman-insurance-inc/sales-system-api</msg>
<msg timestamp="20230522 15:38:41.587" level="ERROR">Releasing item '26' with FAILED state and exception: {'type': 'APPLICATION', 'code': 'TRAFFIC_DATA_POST_FAILED', 'message': 'HTTPError: 500 Server Error: Internal Server Error for url: https://robocorp.com/inhuman-insurance-inc/sales-system-api'}</msg>
<msg timestamp="20230522 15:38:43.434" level="ERROR">Traffic data posting failed::{'country': 'ATG', 'year': 2002, 'rate': 2.55434} HTTPError: 500 Server Error: Internal Server Error for url: https://robocorp.com/inhuman-insurance-inc/sales-system-api</msg>
<msg timestamp="20230522 15:38:43.439" level="ERROR">Releasing item '29' with FAILED state and exception: {'type': 'APPLICATION', 'code': 'TRAFFIC_DATA_POST_FAILED', 'message': 'HTTPError: 500 Server Error: Internal Server Error for url: https://robocorp.com/inhuman-insurance-inc/sales-system-api'}</msg>
</errors>
</robot>
